8/2/2025, 8:20:08 PM EDT 0: 

----------------------------------------------
8/2/2025, 8:20:08 PM EDT 1: Discord starting: {"releaseChannel":"stable","version":"0.0.103"}, modulepath: /home/bruce/.config/discord/0.0.103/modules
8/2/2025, 8:20:08 PM EDT 2: ✅ webContents.created web1 ""
8/2/2025, 8:20:08 PM EDT 3: ✅ window.created win1 "discord"
8/2/2025, 8:20:08 PM EDT 4: ✅ webContents.did-finish-load web1
8/2/2025, 8:20:14 PM EDT 5: ✅ webContents.created web2 ""
8/2/2025, 8:20:14 PM EDT 6: ✅ window.created win2 "Discord"
8/2/2025, 8:20:15 PM EDT 7: ✅ webContents.did-finish-load web2
8/2/2025, 8:20:16 PM EDT 8: window.close win1
8/2/2025, 8:20:16 PM EDT 9: webContents.destroyed web1
8/2/2025, 8:20:16 PM EDT 10: window.closed win1
8/2/2025, 8:20:20 PM EDT 11: window.close win2
8/2/2025, 8:20:23 PM EDT 12: window.close win2
8/2/2025, 8:55:52 PM EDT 0: 

----------------------------------------------
8/2/2025, 8:55:52 PM EDT 1: Discord starting: {"releaseChannel":"stable","version":"0.0.103"}, modulepath: /home/bruce/.config/discord/0.0.103/modules
8/2/2025, 8:55:52 PM EDT 2: ✅ webContents.created web1 ""
8/2/2025, 8:55:52 PM EDT 3: ✅ window.created win1 "discord"
8/2/2025, 8:55:52 PM EDT 0: 

----------------------------------------------
8/2/2025, 8:55:52 PM EDT 1: Discord starting: {"releaseChannel":"stable","version":"0.0.103"}, modulepath: /home/bruce/.config/discord/0.0.103/modules
8/2/2025, 8:55:52 PM EDT 0: 

----------------------------------------------
8/2/2025, 8:55:52 PM EDT 0: 

----------------------------------------------
8/2/2025, 8:55:52 PM EDT 0: 

----------------------------------------------
8/2/2025, 8:55:52 PM EDT 0: 

----------------------------------------------
8/2/2025, 8:55:52 PM EDT 1: Discord starting: {"releaseChannel":"stable","version":"0.0.103"}, modulepath: /home/bruce/.config/discord/0.0.103/modules
8/2/2025, 8:55:52 PM EDT 0: 

----------------------------------------------
8/2/2025, 8:55:52 PM EDT 4: ✅ webContents.did-finish-load web1
8/2/2025, 8:55:52 PM EDT 5: ✅ webContents.created web2 ""
8/2/2025, 8:55:52 PM EDT 6: ✅ window.created win2 "Discord"
8/2/2025, 8:55:53 PM EDT 7: ✅ webContents.did-finish-load web2
8/2/2025, 8:55:54 PM EDT 8: window.close win1
8/2/2025, 8:55:54 PM EDT 9: webContents.destroyed web1
8/2/2025, 8:55:54 PM EDT 10: window.closed win1
8/2/2025, 8:58:29 PM EDT 11: window.close win2
8/2/2025, 9:22:12 PM EDT 12: before-quit
8/2/2025, 9:22:12 PM EDT 13: window.close win2
8/2/2025, 9:22:12 PM EDT 14: ❌ child-process-gone {
  type: 'Utility',
  reason: 'killed',
  exitCode: 15,
  serviceName: 'network.mojom.NetworkService',
  name: 'Network Service'
}
8/2/2025, 9:22:12 PM EDT 15: ❌ child-process-gone {
  type: 'Utility',
  reason: 'killed',
  exitCode: 15,
  serviceName: 'audio.mojom.AudioService',
  name: 'Audio Service'
}
8/2/2025, 9:22:12 PM EDT 16: ❌ render-process-gone { reason: 'killed', exitCode: 15 }
8/2/2025, 10:09:04 PM EDT 0: 

----------------------------------------------
8/2/2025, 10:09:04 PM EDT 1: Discord starting: {"releaseChannel":"stable","version":"0.0.103"}, modulepath: /home/bruce/.config/discord/0.0.103/modules
8/2/2025, 10:09:04 PM EDT 2: ✅ webContents.created web1 ""
8/2/2025, 10:09:04 PM EDT 3: ✅ window.created win1 "discord"
8/2/2025, 10:09:04 PM EDT 4: ✅ webContents.did-finish-load web1
8/2/2025, 10:09:04 PM EDT 5: ✅ webContents.created web2 ""
8/2/2025, 10:09:04 PM EDT 6: ✅ window.created win2 "Discord"
8/2/2025, 10:09:06 PM EDT 7: ✅ webContents.did-finish-load web2
8/2/2025, 10:09:07 PM EDT 8: window.close win1
8/2/2025, 10:09:07 PM EDT 9: webContents.destroyed web1
8/2/2025, 10:09:07 PM EDT 10: window.closed win1
8/2/2025, 10:17:50 PM EDT 11: window.close win2
8/2/2025, 10:50:23 PM EDT 12: window.close win2
8/2/2025, 11:56:44 PM EDT 13: before-quit
8/2/2025, 11:56:44 PM EDT 14: window.close win2
8/2/2025, 11:56:44 PM EDT 15: ❌ child-process-gone {
  type: 'Utility',
  reason: 'killed',
  exitCode: 15,
  serviceName: 'audio.mojom.AudioService',
  name: 'Audio Service'
}
8/2/2025, 11:56:44 PM EDT 16: ❌ child-process-gone {
  type: 'Utility',
  reason: 'killed',
  exitCode: 15,
  serviceName: 'network.mojom.NetworkService',
  name: 'Network Service'
}
8/2/2025, 11:56:44 PM EDT 17: ❌ render-process-gone { reason: 'killed', exitCode: 15 }
8/2/2025, 11:56:44 PM EDT 18: webContents.destroyed web2
8/2/2025, 11:58:25 PM EDT 0: 

----------------------------------------------
8/2/2025, 11:58:25 PM EDT 1: Discord starting: {"releaseChannel":"stable","version":"0.0.103"}, modulepath: /home/bruce/.config/discord/0.0.103/modules
8/2/2025, 11:58:25 PM EDT 2: ✅ webContents.created web1 ""
8/2/2025, 11:58:25 PM EDT 3: ✅ window.created win1 "discord"
8/2/2025, 11:58:26 PM EDT 4: ✅ webContents.did-finish-load web1
8/2/2025, 11:58:26 PM EDT 5: ✅ webContents.created web2 ""
8/2/2025, 11:58:26 PM EDT 6: ✅ window.created win2 "Discord"
8/2/2025, 11:58:27 PM EDT 7: ✅ webContents.did-finish-load web2
8/2/2025, 11:58:27 PM EDT 8: window.close win1
8/2/2025, 11:58:27 PM EDT 9: webContents.destroyed web1
8/2/2025, 11:58:27 PM EDT 10: window.closed win1
8/2/2025, 11:58:31 PM EDT 11: window.close win2
8/3/2025, 12:01:24 AM EDT 12: before-quit
8/3/2025, 12:01:24 AM EDT 13: window.close win2
8/3/2025, 12:01:24 AM EDT 14: ❌ child-process-gone {
  type: 'Utility',
  reason: 'killed',
  exitCode: 15,
  serviceName: 'audio.mojom.AudioService',
  name: 'Audio Service'
}
8/3/2025, 12:01:24 AM EDT 15: ❌ child-process-gone {
  type: 'Utility',
  reason: 'killed',
  exitCode: 15,
  serviceName: 'network.mojom.NetworkService',
  name: 'Network Service'
}
8/3/2025, 12:01:24 AM EDT 16: ❌ render-process-gone { reason: 'killed', exitCode: 15 }
8/3/2025, 12:31:42 AM EDT 0: 

----------------------------------------------
8/3/2025, 12:31:42 AM EDT 1: Discord starting: {"releaseChannel":"stable","version":"0.0.103"}, modulepath: /home/bruce/.config/discord/0.0.103/modules
8/3/2025, 12:31:42 AM EDT 2: ✅ webContents.created web1 ""
8/3/2025, 12:31:42 AM EDT 3: ✅ window.created win1 "discord"
8/3/2025, 12:31:42 AM EDT 4: ✅ webContents.did-finish-load web1
8/3/2025, 12:31:42 AM EDT 5: ✅ webContents.created web2 ""
8/3/2025, 12:31:42 AM EDT 6: ✅ window.created win2 "Discord"
8/3/2025, 12:31:43 AM EDT 7: ✅ webContents.did-finish-load web2
8/3/2025, 12:31:44 AM EDT 8: window.close win1
8/3/2025, 12:31:44 AM EDT 9: webContents.destroyed web1
8/3/2025, 12:31:44 AM EDT 10: window.closed win1
8/3/2025, 12:32:00 AM EDT 11: window.close win2
8/3/2025, 12:32:09 AM EDT 0: 

----------------------------------------------
8/3/2025, 12:37:09 AM EDT 12: window.close win2
8/3/2025, 12:37:41 AM EDT 13: before-quit
8/3/2025, 12:37:41 AM EDT 14: window.close win2
8/3/2025, 12:37:41 AM EDT 15: ❌ child-process-gone {
  type: 'Utility',
  reason: 'killed',
  exitCode: 15,
  serviceName: 'audio.mojom.AudioService',
  name: 'Audio Service'
}
8/3/2025, 12:37:41 AM EDT 16: ❌ child-process-gone {
  type: 'Utility',
  reason: 'killed',
  exitCode: 15,
  serviceName: 'network.mojom.NetworkService',
  name: 'Network Service'
}
8/3/2025, 12:37:41 AM EDT 17: ❌ render-process-gone { reason: 'killed', exitCode: 15 }
8/3/2025, 1:53:31 AM EDT 0: 

----------------------------------------------
8/3/2025, 1:53:31 AM EDT 1: Discord starting: {"releaseChannel":"stable","version":"0.0.103"}, modulepath: /home/bruce/.config/discord/0.0.103/modules
8/3/2025, 1:53:31 AM EDT 2: ✅ webContents.created web1 ""
8/3/2025, 1:53:31 AM EDT 3: ✅ window.created win1 "discord"
8/3/2025, 1:53:31 AM EDT 4: ✅ webContents.did-finish-load web1
8/3/2025, 1:54:02 AM EDT 5: ✅ webContents.created web2 ""
8/3/2025, 1:54:02 AM EDT 6: ✅ window.created win2 "Discord"
8/3/2025, 1:54:03 AM EDT 7: ✅ webContents.did-finish-load web2
8/3/2025, 1:54:04 AM EDT 8: window.close win1
8/3/2025, 1:54:04 AM EDT 9: webContents.destroyed web1
8/3/2025, 1:54:04 AM EDT 10: window.closed win1
8/3/2025, 1:59:11 AM EDT 11: window.close win2
8/3/2025, 11:55:14 AM EDT 0: 

----------------------------------------------
8/3/2025, 12:19:31 PM EDT 12: window.close win2
8/3/2025, 12:57:48 PM EDT 13: before-quit
8/3/2025, 12:57:48 PM EDT 14: window.close win2
8/3/2025, 12:57:48 PM EDT 15: ❌ child-process-gone {
  type: 'Utility',
  reason: 'killed',
  exitCode: 15,
  serviceName: 'audio.mojom.AudioService',
  name: 'Audio Service'
}
8/3/2025, 12:57:48 PM EDT 16: ❌ child-process-gone {
  type: 'Utility',
  reason: 'killed',
  exitCode: 15,
  serviceName: 'network.mojom.NetworkService',
  name: 'Network Service'
}
8/3/2025, 12:57:48 PM EDT 17: ❌ child-process-gone {
  type: 'Utility',
  reason: 'killed',
  exitCode: 15,
  serviceName: 'network.mojom.NetworkService',
  name: 'Network Service'
}
8/3/2025, 12:57:48 PM EDT 18: ❌ render-process-gone { reason: 'killed', exitCode: 15 }
8/3/2025, 4:09:53 PM EDT 0: 

----------------------------------------------
8/3/2025, 4:09:53 PM EDT 1: Discord starting: {"releaseChannel":"stable","version":"0.0.103"}, modulepath: /home/bruce/.config/discord/0.0.103/modules
8/3/2025, 4:09:53 PM EDT 2: ✅ webContents.created web1 ""
8/3/2025, 4:09:53 PM EDT 3: ✅ window.created win1 "discord"
8/3/2025, 4:09:53 PM EDT 4: ✅ webContents.did-finish-load web1
8/3/2025, 4:09:54 PM EDT 5: ✅ webContents.created web2 ""
8/3/2025, 4:09:54 PM EDT 6: ✅ window.created win2 "Discord"
8/3/2025, 4:09:56 PM EDT 7: ✅ webContents.did-finish-load web2
8/3/2025, 4:09:57 PM EDT 8: window.close win1
8/3/2025, 4:09:57 PM EDT 9: webContents.destroyed web1
8/3/2025, 4:09:57 PM EDT 10: window.closed win1
8/3/2025, 4:36:41 PM EDT 0: 

----------------------------------------------
8/3/2025, 4:36:41 PM EDT 1: Discord starting: {"releaseChannel":"stable","version":"0.0.103"}, modulepath: /home/bruce/.config/discord/0.0.103/modules
8/3/2025, 4:36:42 PM EDT 0: 

----------------------------------------------
8/3/2025, 4:47:21 PM EDT 0: 

----------------------------------------------
8/3/2025, 5:08:04 PM EDT 11: window.close win2
8/3/2025, 5:12:34 PM EDT 0: 

----------------------------------------------
8/3/2025, 5:12:34 PM EDT 1: Discord starting: {"releaseChannel":"stable","version":"0.0.103"}, modulepath: /home/bruce/.config/discord/0.0.103/modules
8/3/2025, 5:15:05 PM EDT 12: before-quit
8/3/2025, 5:15:05 PM EDT 13: window.close win2
8/3/2025, 5:15:05 PM EDT 14: ❌ child-process-gone {
  type: 'Utility',
  reason: 'killed',
  exitCode: 15,
  serviceName: 'audio.mojom.AudioService',
  name: 'Audio Service'
}
8/3/2025, 5:15:05 PM EDT 15: ❌ child-process-gone {
  type: 'Utility',
  reason: 'killed',
  exitCode: 15,
  serviceName: 'network.mojom.NetworkService',
  name: 'Network Service'
}
8/3/2025, 5:15:05 PM EDT 16: ❌ child-process-gone {
  type: 'Utility',
  reason: 'killed',
  exitCode: 15,
  serviceName: 'video_capture.mojom.VideoCaptureService',
  name: 'Video Capture'
}
8/3/2025, 5:15:05 PM EDT 17: ❌ render-process-gone { reason: 'killed', exitCode: 15 }
8/3/2025, 7:47:57 PM EDT 0: 

----------------------------------------------
8/3/2025, 7:47:57 PM EDT 1: Discord starting: {"releaseChannel":"stable","version":"0.0.103"}, modulepath: /home/bruce/.config/discord/0.0.103/modules
8/3/2025, 7:47:57 PM EDT 2: ✅ webContents.created web1 ""
8/3/2025, 7:47:57 PM EDT 3: ✅ window.created win1 "discord"
8/3/2025, 7:47:57 PM EDT 4: ✅ webContents.did-finish-load web1
8/3/2025, 7:48:01 PM EDT 5: ✅ webContents.created web2 ""
8/3/2025, 7:48:01 PM EDT 6: ✅ window.created win2 "Discord"
8/3/2025, 7:48:03 PM EDT 7: ✅ webContents.did-finish-load web2
8/3/2025, 7:48:04 PM EDT 8: window.close win1
8/3/2025, 7:48:05 PM EDT 9: webContents.destroyed web1
8/3/2025, 7:48:05 PM EDT 10: window.closed win1
