8/2/2025, 8:20:08 PM EDT [Modules] Modules initializing
8/2/2025, 8:20:08 PM EDT [Modules] Distribution: remote
8/2/2025, 8:20:08 PM EDT [Modules] Host updates: enabled
8/2/2025, 8:20:08 PM EDT [Modules] Module updates: enabled
8/2/2025, 8:20:08 PM EDT [Modules] Module install path: /home/bruce/.config/discord/0.0.103/modules
8/2/2025, 8:20:08 PM EDT [Modules] Module installed file path: /home/bruce/.config/discord/0.0.103/modules/installed.json
8/2/2025, 8:20:08 PM EDT [Modules] Module download path: /home/bruce/.config/discord/0.0.103/modules/pending
8/2/2025, 8:20:08 PM EDT [Modules] Bootstrapping...
8/2/2025, 8:20:08 PM EDT [Modules] Installing discord_desktop_core@0 from /opt/discord/resources/bootstrap/discord_desktop_core.zip
8/2/2025, 8:20:08 PM EDT [Modules] Failed installing discord_desktop_core@0: Error: ENOENT: no such file or directory, open '/opt/discord/resources/bootstrap/discord_desktop_core.zip'
8/2/2025, 8:20:08 PM EDT [Modules] Installing discord_erlpack@0 from /opt/discord/resources/bootstrap/discord_erlpack.zip
8/2/2025, 8:20:08 PM EDT [Modules] Failed installing discord_erlpack@0: Error: ENOENT: no such file or directory, open '/opt/discord/resources/bootstrap/discord_erlpack.zip'
8/2/2025, 8:20:08 PM EDT [Modules] Installing discord_spellcheck@0 from /opt/discord/resources/bootstrap/discord_spellcheck.zip
8/2/2025, 8:20:08 PM EDT [Modules] Failed installing discord_spellcheck@0: Error: ENOENT: no such file or directory, open '/opt/discord/resources/bootstrap/discord_spellcheck.zip'
8/2/2025, 8:20:08 PM EDT [Modules] Installing discord_utils@0 from /opt/discord/resources/bootstrap/discord_utils.zip
8/2/2025, 8:20:08 PM EDT [Modules] Failed installing discord_utils@0: Error: ENOENT: no such file or directory, open '/opt/discord/resources/bootstrap/discord_utils.zip'
8/2/2025, 8:20:08 PM EDT [Modules] Installing discord_voice@0 from /opt/discord/resources/bootstrap/discord_voice.zip
8/2/2025, 8:20:08 PM EDT [Modules] Failed installing discord_voice@0: Error: ENOENT: no such file or directory, open '/opt/discord/resources/bootstrap/discord_voice.zip'
8/2/2025, 8:20:08 PM EDT [Modules] Installing discord_zstd@0 from /opt/discord/resources/bootstrap/discord_zstd.zip
8/2/2025, 8:20:08 PM EDT [Modules] Failed installing discord_zstd@0: Error: ENOENT: no such file or directory, open '/opt/discord/resources/bootstrap/discord_zstd.zip'
8/2/2025, 8:20:08 PM EDT [Modules] Finished module installations. [success: 0] [failure: 6]
8/2/2025, 8:20:08 PM EDT [Modules] Checking for host updates.
8/2/2025, 8:20:08 PM EDT [Modules] Host is up to date.
8/2/2025, 8:20:08 PM EDT [Modules] Checking for module updates at https://discord.com/api/modules/stable/versions.json
8/2/2025, 8:20:08 PM EDT [Modules] Module update available: discord_desktop_core@1 [installed: 0]
8/2/2025, 8:20:08 PM EDT [Modules] Module update available: discord_erlpack@1 [installed: 0]
8/2/2025, 8:20:08 PM EDT [Modules] Module update available: discord_spellcheck@1 [installed: 0]
8/2/2025, 8:20:08 PM EDT [Modules] Module update available: discord_utils@1 [installed: 0]
8/2/2025, 8:20:08 PM EDT [Modules] Module update available: discord_voice@1 [installed: 0]
8/2/2025, 8:20:08 PM EDT [Modules] Module update available: discord_zstd@1 [installed: 0]
8/2/2025, 8:20:08 PM EDT [Modules] Fetching discord_desktop_core@1 from https://discord.com/api/modules/stable/discord_desktop_core/1
8/2/2025, 8:20:08 PM EDT [Modules] Streaming discord_desktop_core@1 to /home/bruce/.config/discord/0.0.103/modules/pending/discord_desktop_core-1.zip
8/2/2025, 8:20:09 PM EDT [Modules] Streaming discord_desktop_core@1 to /home/bruce/.config/discord/0.0.103/modules/pending/discord_desktop_core-1.zip: 1%
8/2/2025, 8:20:09 PM EDT [Modules] Streaming discord_desktop_core@1 to /home/bruce/.config/discord/0.0.103/modules/pending/discord_desktop_core-1.zip: 2%
8/2/2025, 8:20:09 PM EDT [Modules] Streaming discord_desktop_core@1 to /home/bruce/.config/discord/0.0.103/modules/pending/discord_desktop_core-1.zip: 3%
8/2/2025, 8:20:09 PM EDT [Modules] Streaming discord_desktop_core@1 to /home/bruce/.config/discord/0.0.103/modules/pending/discord_desktop_core-1.zip: 5%
8/2/2025, 8:20:09 PM EDT [Modules] Streaming discord_desktop_core@1 to /home/bruce/.config/discord/0.0.103/modules/pending/discord_desktop_core-1.zip: 7%
8/2/2025, 8:20:09 PM EDT [Modules] Streaming discord_desktop_core@1 to /home/bruce/.config/discord/0.0.103/modules/pending/discord_desktop_core-1.zip: 9%
8/2/2025, 8:20:09 PM EDT [Modules] Streaming discord_desktop_core@1 to /home/bruce/.config/discord/0.0.103/modules/pending/discord_desktop_core-1.zip: 11%
8/2/2025, 8:20:09 PM EDT [Modules] Streaming discord_desktop_core@1 to /home/bruce/.config/discord/0.0.103/modules/pending/discord_desktop_core-1.zip: 12%
8/2/2025, 8:20:09 PM EDT [Modules] Streaming discord_desktop_core@1 to /home/bruce/.config/discord/0.0.103/modules/pending/discord_desktop_core-1.zip: 15%
8/2/2025, 8:20:09 PM EDT [Modules] Streaming discord_desktop_core@1 to /home/bruce/.config/discord/0.0.103/modules/pending/discord_desktop_core-1.zip: 16%
8/2/2025, 8:20:09 PM EDT [Modules] Streaming discord_desktop_core@1 to /home/bruce/.config/discord/0.0.103/modules/pending/discord_desktop_core-1.zip: 19%
8/2/2025, 8:20:09 PM EDT [Modules] Streaming discord_desktop_core@1 to /home/bruce/.config/discord/0.0.103/modules/pending/discord_desktop_core-1.zip: 21%
8/2/2025, 8:20:09 PM EDT [Modules] Streaming discord_desktop_core@1 to /home/bruce/.config/discord/0.0.103/modules/pending/discord_desktop_core-1.zip: 26%
8/2/2025, 8:20:09 PM EDT [Modules] Streaming discord_desktop_core@1 to /home/bruce/.config/discord/0.0.103/modules/pending/discord_desktop_core-1.zip: 27%
8/2/2025, 8:20:09 PM EDT [Modules] Streaming discord_desktop_core@1 to /home/bruce/.config/discord/0.0.103/modules/pending/discord_desktop_core-1.zip: 29%
8/2/2025, 8:20:09 PM EDT [Modules] Streaming discord_desktop_core@1 to /home/bruce/.config/discord/0.0.103/modules/pending/discord_desktop_core-1.zip: 32%
8/2/2025, 8:20:09 PM EDT [Modules] Streaming discord_desktop_core@1 to /home/bruce/.config/discord/0.0.103/modules/pending/discord_desktop_core-1.zip: 35%
8/2/2025, 8:20:09 PM EDT [Modules] Streaming discord_desktop_core@1 to /home/bruce/.config/discord/0.0.103/modules/pending/discord_desktop_core-1.zip: 38%
8/2/2025, 8:20:09 PM EDT [Modules] Streaming discord_desktop_core@1 to /home/bruce/.config/discord/0.0.103/modules/pending/discord_desktop_core-1.zip: 39%
8/2/2025, 8:20:09 PM EDT [Modules] Streaming discord_desktop_core@1 to /home/bruce/.config/discord/0.0.103/modules/pending/discord_desktop_core-1.zip: 41%
8/2/2025, 8:20:09 PM EDT [Modules] Streaming discord_desktop_core@1 to /home/bruce/.config/discord/0.0.103/modules/pending/discord_desktop_core-1.zip: 43%
8/2/2025, 8:20:09 PM EDT [Modules] Streaming discord_desktop_core@1 to /home/bruce/.config/discord/0.0.103/modules/pending/discord_desktop_core-1.zip: 45%
8/2/2025, 8:20:09 PM EDT [Modules] Streaming discord_desktop_core@1 to /home/bruce/.config/discord/0.0.103/modules/pending/discord_desktop_core-1.zip: 46%
8/2/2025, 8:20:09 PM EDT [Modules] Streaming discord_desktop_core@1 to /home/bruce/.config/discord/0.0.103/modules/pending/discord_desktop_core-1.zip: 47%
8/2/2025, 8:20:09 PM EDT [Modules] Streaming discord_desktop_core@1 to /home/bruce/.config/discord/0.0.103/modules/pending/discord_desktop_core-1.zip: 50%
8/2/2025, 8:20:09 PM EDT [Modules] Streaming discord_desktop_core@1 to /home/bruce/.config/discord/0.0.103/modules/pending/discord_desktop_core-1.zip: 52%
8/2/2025, 8:20:09 PM EDT [Modules] Streaming discord_desktop_core@1 to /home/bruce/.config/discord/0.0.103/modules/pending/discord_desktop_core-1.zip: 54%
8/2/2025, 8:20:09 PM EDT [Modules] Streaming discord_desktop_core@1 to /home/bruce/.config/discord/0.0.103/modules/pending/discord_desktop_core-1.zip: 57%
8/2/2025, 8:20:09 PM EDT [Modules] Streaming discord_desktop_core@1 to /home/bruce/.config/discord/0.0.103/modules/pending/discord_desktop_core-1.zip: 59%
8/2/2025, 8:20:09 PM EDT [Modules] Streaming discord_desktop_core@1 to /home/bruce/.config/discord/0.0.103/modules/pending/discord_desktop_core-1.zip: 64%
8/2/2025, 8:20:09 PM EDT [Modules] Streaming discord_desktop_core@1 to /home/bruce/.config/discord/0.0.103/modules/pending/discord_desktop_core-1.zip: 66%
8/2/2025, 8:20:09 PM EDT [Modules] Streaming discord_desktop_core@1 to /home/bruce/.config/discord/0.0.103/modules/pending/discord_desktop_core-1.zip: 68%
8/2/2025, 8:20:09 PM EDT [Modules] Streaming discord_desktop_core@1 to /home/bruce/.config/discord/0.0.103/modules/pending/discord_desktop_core-1.zip: 70%
8/2/2025, 8:20:09 PM EDT [Modules] Streaming discord_desktop_core@1 to /home/bruce/.config/discord/0.0.103/modules/pending/discord_desktop_core-1.zip: 73%
8/2/2025, 8:20:09 PM EDT [Modules] Streaming discord_desktop_core@1 to /home/bruce/.config/discord/0.0.103/modules/pending/discord_desktop_core-1.zip: 74%
8/2/2025, 8:20:09 PM EDT [Modules] Streaming discord_desktop_core@1 to /home/bruce/.config/discord/0.0.103/modules/pending/discord_desktop_core-1.zip: 77%
8/2/2025, 8:20:09 PM EDT [Modules] Streaming discord_desktop_core@1 to /home/bruce/.config/discord/0.0.103/modules/pending/discord_desktop_core-1.zip: 83%
8/2/2025, 8:20:09 PM EDT [Modules] Streaming discord_desktop_core@1 to /home/bruce/.config/discord/0.0.103/modules/pending/discord_desktop_core-1.zip: 84%
8/2/2025, 8:20:09 PM EDT [Modules] Streaming discord_desktop_core@1 to /home/bruce/.config/discord/0.0.103/modules/pending/discord_desktop_core-1.zip: 90%
8/2/2025, 8:20:09 PM EDT [Modules] Streaming discord_desktop_core@1 to /home/bruce/.config/discord/0.0.103/modules/pending/discord_desktop_core-1.zip: 100%
8/2/2025, 8:20:09 PM EDT [Modules] Fetching discord_erlpack@1 from https://discord.com/api/modules/stable/discord_erlpack/1
8/2/2025, 8:20:09 PM EDT [Modules] Streaming discord_erlpack@1 to /home/bruce/.config/discord/0.0.103/modules/pending/discord_erlpack-1.zip
8/2/2025, 8:20:09 PM EDT [Modules] Streaming discord_erlpack@1 to /home/bruce/.config/discord/0.0.103/modules/pending/discord_erlpack-1.zip: 2%
8/2/2025, 8:20:09 PM EDT [Modules] Streaming discord_erlpack@1 to /home/bruce/.config/discord/0.0.103/modules/pending/discord_erlpack-1.zip: 4%
8/2/2025, 8:20:09 PM EDT [Modules] Streaming discord_erlpack@1 to /home/bruce/.config/discord/0.0.103/modules/pending/discord_erlpack-1.zip: 7%
8/2/2025, 8:20:09 PM EDT [Modules] Streaming discord_erlpack@1 to /home/bruce/.config/discord/0.0.103/modules/pending/discord_erlpack-1.zip: 10%
8/2/2025, 8:20:09 PM EDT [Modules] Streaming discord_erlpack@1 to /home/bruce/.config/discord/0.0.103/modules/pending/discord_erlpack-1.zip: 13%
8/2/2025, 8:20:09 PM EDT [Modules] Streaming discord_erlpack@1 to /home/bruce/.config/discord/0.0.103/modules/pending/discord_erlpack-1.zip: 14%
8/2/2025, 8:20:09 PM EDT [Modules] Streaming discord_erlpack@1 to /home/bruce/.config/discord/0.0.103/modules/pending/discord_erlpack-1.zip: 17%
8/2/2025, 8:20:09 PM EDT [Modules] Streaming discord_erlpack@1 to /home/bruce/.config/discord/0.0.103/modules/pending/discord_erlpack-1.zip: 22%
8/2/2025, 8:20:09 PM EDT [Modules] Streaming discord_erlpack@1 to /home/bruce/.config/discord/0.0.103/modules/pending/discord_erlpack-1.zip: 25%
8/2/2025, 8:20:09 PM EDT [Modules] Streaming discord_erlpack@1 to /home/bruce/.config/discord/0.0.103/modules/pending/discord_erlpack-1.zip: 27%
8/2/2025, 8:20:09 PM EDT [Modules] Streaming discord_erlpack@1 to /home/bruce/.config/discord/0.0.103/modules/pending/discord_erlpack-1.zip: 30%
8/2/2025, 8:20:09 PM EDT [Modules] Streaming discord_erlpack@1 to /home/bruce/.config/discord/0.0.103/modules/pending/discord_erlpack-1.zip: 36%
8/2/2025, 8:20:09 PM EDT [Modules] Streaming discord_erlpack@1 to /home/bruce/.config/discord/0.0.103/modules/pending/discord_erlpack-1.zip: 40%
8/2/2025, 8:20:09 PM EDT [Modules] Streaming discord_erlpack@1 to /home/bruce/.config/discord/0.0.103/modules/pending/discord_erlpack-1.zip: 43%
8/2/2025, 8:20:09 PM EDT [Modules] Streaming discord_erlpack@1 to /home/bruce/.config/discord/0.0.103/modules/pending/discord_erlpack-1.zip: 47%
8/2/2025, 8:20:09 PM EDT [Modules] Streaming discord_erlpack@1 to /home/bruce/.config/discord/0.0.103/modules/pending/discord_erlpack-1.zip: 54%
8/2/2025, 8:20:09 PM EDT [Modules] Streaming discord_erlpack@1 to /home/bruce/.config/discord/0.0.103/modules/pending/discord_erlpack-1.zip: 71%
8/2/2025, 8:20:09 PM EDT [Modules] Streaming discord_erlpack@1 to /home/bruce/.config/discord/0.0.103/modules/pending/discord_erlpack-1.zip: 79%
8/2/2025, 8:20:09 PM EDT [Modules] Streaming discord_erlpack@1 to /home/bruce/.config/discord/0.0.103/modules/pending/discord_erlpack-1.zip: 80%
8/2/2025, 8:20:09 PM EDT [Modules] Streaming discord_erlpack@1 to /home/bruce/.config/discord/0.0.103/modules/pending/discord_erlpack-1.zip: 83%
8/2/2025, 8:20:09 PM EDT [Modules] Streaming discord_erlpack@1 to /home/bruce/.config/discord/0.0.103/modules/pending/discord_erlpack-1.zip: 90%
8/2/2025, 8:20:09 PM EDT [Modules] Streaming discord_erlpack@1 to /home/bruce/.config/discord/0.0.103/modules/pending/discord_erlpack-1.zip: 93%
8/2/2025, 8:20:09 PM EDT [Modules] Streaming discord_erlpack@1 to /home/bruce/.config/discord/0.0.103/modules/pending/discord_erlpack-1.zip: 100%
8/2/2025, 8:20:09 PM EDT [Modules] Fetching discord_spellcheck@1 from https://discord.com/api/modules/stable/discord_spellcheck/1
8/2/2025, 8:20:09 PM EDT [Modules] Streaming discord_spellcheck@1 to /home/bruce/.config/discord/0.0.103/modules/pending/discord_spellcheck-1.zip
8/2/2025, 8:20:09 PM EDT [Modules] Streaming discord_spellcheck@1 to /home/bruce/.config/discord/0.0.103/modules/pending/discord_spellcheck-1.zip: 1%
8/2/2025, 8:20:09 PM EDT [Modules] Streaming discord_spellcheck@1 to /home/bruce/.config/discord/0.0.103/modules/pending/discord_spellcheck-1.zip: 2%
8/2/2025, 8:20:09 PM EDT [Modules] Streaming discord_spellcheck@1 to /home/bruce/.config/discord/0.0.103/modules/pending/discord_spellcheck-1.zip: 3%
8/2/2025, 8:20:09 PM EDT [Modules] Streaming discord_spellcheck@1 to /home/bruce/.config/discord/0.0.103/modules/pending/discord_spellcheck-1.zip: 4%
8/2/2025, 8:20:09 PM EDT [Modules] Streaming discord_spellcheck@1 to /home/bruce/.config/discord/0.0.103/modules/pending/discord_spellcheck-1.zip: 5%
8/2/2025, 8:20:09 PM EDT [Modules] Streaming discord_spellcheck@1 to /home/bruce/.config/discord/0.0.103/modules/pending/discord_spellcheck-1.zip: 6%
8/2/2025, 8:20:09 PM EDT [Modules] Streaming discord_spellcheck@1 to /home/bruce/.config/discord/0.0.103/modules/pending/discord_spellcheck-1.zip: 7%
8/2/2025, 8:20:09 PM EDT [Modules] Streaming discord_spellcheck@1 to /home/bruce/.config/discord/0.0.103/modules/pending/discord_spellcheck-1.zip: 8%
8/2/2025, 8:20:09 PM EDT [Modules] Streaming discord_spellcheck@1 to /home/bruce/.config/discord/0.0.103/modules/pending/discord_spellcheck-1.zip: 9%
8/2/2025, 8:20:09 PM EDT [Modules] Streaming discord_spellcheck@1 to /home/bruce/.config/discord/0.0.103/modules/pending/discord_spellcheck-1.zip: 10%
8/2/2025, 8:20:09 PM EDT [Modules] Streaming discord_spellcheck@1 to /home/bruce/.config/discord/0.0.103/modules/pending/discord_spellcheck-1.zip: 11%
8/2/2025, 8:20:09 PM EDT [Modules] Streaming discord_spellcheck@1 to /home/bruce/.config/discord/0.0.103/modules/pending/discord_spellcheck-1.zip: 12%
8/2/2025, 8:20:09 PM EDT [Modules] Streaming discord_spellcheck@1 to /home/bruce/.config/discord/0.0.103/modules/pending/discord_spellcheck-1.zip: 13%
8/2/2025, 8:20:09 PM EDT [Modules] Streaming discord_spellcheck@1 to /home/bruce/.config/discord/0.0.103/modules/pending/discord_spellcheck-1.zip: 14%
8/2/2025, 8:20:09 PM EDT [Modules] Streaming discord_spellcheck@1 to /home/bruce/.config/discord/0.0.103/modules/pending/discord_spellcheck-1.zip: 15%
8/2/2025, 8:20:09 PM EDT [Modules] Streaming discord_spellcheck@1 to /home/bruce/.config/discord/0.0.103/modules/pending/discord_spellcheck-1.zip: 16%
8/2/2025, 8:20:09 PM EDT [Modules] Streaming discord_spellcheck@1 to /home/bruce/.config/discord/0.0.103/modules/pending/discord_spellcheck-1.zip: 17%
8/2/2025, 8:20:09 PM EDT [Modules] Streaming discord_spellcheck@1 to /home/bruce/.config/discord/0.0.103/modules/pending/discord_spellcheck-1.zip: 18%
8/2/2025, 8:20:09 PM EDT [Modules] Streaming discord_spellcheck@1 to /home/bruce/.config/discord/0.0.103/modules/pending/discord_spellcheck-1.zip: 19%
8/2/2025, 8:20:09 PM EDT [Modules] Streaming discord_spellcheck@1 to /home/bruce/.config/discord/0.0.103/modules/pending/discord_spellcheck-1.zip: 20%
8/2/2025, 8:20:09 PM EDT [Modules] Streaming discord_spellcheck@1 to /home/bruce/.config/discord/0.0.103/modules/pending/discord_spellcheck-1.zip: 22%
8/2/2025, 8:20:09 PM EDT [Modules] Streaming discord_spellcheck@1 to /home/bruce/.config/discord/0.0.103/modules/pending/discord_spellcheck-1.zip: 23%
8/2/2025, 8:20:09 PM EDT [Modules] Streaming discord_spellcheck@1 to /home/bruce/.config/discord/0.0.103/modules/pending/discord_spellcheck-1.zip: 24%
8/2/2025, 8:20:09 PM EDT [Modules] Streaming discord_spellcheck@1 to /home/bruce/.config/discord/0.0.103/modules/pending/discord_spellcheck-1.zip: 25%
8/2/2025, 8:20:09 PM EDT [Modules] Streaming discord_spellcheck@1 to /home/bruce/.config/discord/0.0.103/modules/pending/discord_spellcheck-1.zip: 26%
8/2/2025, 8:20:09 PM EDT [Modules] Streaming discord_spellcheck@1 to /home/bruce/.config/discord/0.0.103/modules/pending/discord_spellcheck-1.zip: 27%
8/2/2025, 8:20:09 PM EDT [Modules] Streaming discord_spellcheck@1 to /home/bruce/.config/discord/0.0.103/modules/pending/discord_spellcheck-1.zip: 28%
8/2/2025, 8:20:09 PM EDT [Modules] Streaming discord_spellcheck@1 to /home/bruce/.config/discord/0.0.103/modules/pending/discord_spellcheck-1.zip: 29%
8/2/2025, 8:20:10 PM EDT [Modules] Streaming discord_spellcheck@1 to /home/bruce/.config/discord/0.0.103/modules/pending/discord_spellcheck-1.zip: 30%
8/2/2025, 8:20:10 PM EDT [Modules] Streaming discord_spellcheck@1 to /home/bruce/.config/discord/0.0.103/modules/pending/discord_spellcheck-1.zip: 31%
8/2/2025, 8:20:10 PM EDT [Modules] Streaming discord_spellcheck@1 to /home/bruce/.config/discord/0.0.103/modules/pending/discord_spellcheck-1.zip: 32%
8/2/2025, 8:20:10 PM EDT [Modules] Streaming discord_spellcheck@1 to /home/bruce/.config/discord/0.0.103/modules/pending/discord_spellcheck-1.zip: 33%
8/2/2025, 8:20:10 PM EDT [Modules] Streaming discord_spellcheck@1 to /home/bruce/.config/discord/0.0.103/modules/pending/discord_spellcheck-1.zip: 34%
8/2/2025, 8:20:10 PM EDT [Modules] Streaming discord_spellcheck@1 to /home/bruce/.config/discord/0.0.103/modules/pending/discord_spellcheck-1.zip: 35%
8/2/2025, 8:20:10 PM EDT [Modules] Streaming discord_spellcheck@1 to /home/bruce/.config/discord/0.0.103/modules/pending/discord_spellcheck-1.zip: 36%
8/2/2025, 8:20:10 PM EDT [Modules] Streaming discord_spellcheck@1 to /home/bruce/.config/discord/0.0.103/modules/pending/discord_spellcheck-1.zip: 37%
8/2/2025, 8:20:10 PM EDT [Modules] Streaming discord_spellcheck@1 to /home/bruce/.config/discord/0.0.103/modules/pending/discord_spellcheck-1.zip: 38%
8/2/2025, 8:20:10 PM EDT [Modules] Streaming discord_spellcheck@1 to /home/bruce/.config/discord/0.0.103/modules/pending/discord_spellcheck-1.zip: 39%
8/2/2025, 8:20:10 PM EDT [Modules] Streaming discord_spellcheck@1 to /home/bruce/.config/discord/0.0.103/modules/pending/discord_spellcheck-1.zip: 41%
8/2/2025, 8:20:10 PM EDT [Modules] Streaming discord_spellcheck@1 to /home/bruce/.config/discord/0.0.103/modules/pending/discord_spellcheck-1.zip: 42%
8/2/2025, 8:20:10 PM EDT [Modules] Streaming discord_spellcheck@1 to /home/bruce/.config/discord/0.0.103/modules/pending/discord_spellcheck-1.zip: 43%
8/2/2025, 8:20:10 PM EDT [Modules] Streaming discord_spellcheck@1 to /home/bruce/.config/discord/0.0.103/modules/pending/discord_spellcheck-1.zip: 44%
8/2/2025, 8:20:10 PM EDT [Modules] Streaming discord_spellcheck@1 to /home/bruce/.config/discord/0.0.103/modules/pending/discord_spellcheck-1.zip: 45%
8/2/2025, 8:20:10 PM EDT [Modules] Streaming discord_spellcheck@1 to /home/bruce/.config/discord/0.0.103/modules/pending/discord_spellcheck-1.zip: 46%
8/2/2025, 8:20:10 PM EDT [Modules] Streaming discord_spellcheck@1 to /home/bruce/.config/discord/0.0.103/modules/pending/discord_spellcheck-1.zip: 47%
8/2/2025, 8:20:10 PM EDT [Modules] Streaming discord_spellcheck@1 to /home/bruce/.config/discord/0.0.103/modules/pending/discord_spellcheck-1.zip: 48%
8/2/2025, 8:20:10 PM EDT [Modules] Streaming discord_spellcheck@1 to /home/bruce/.config/discord/0.0.103/modules/pending/discord_spellcheck-1.zip: 49%
8/2/2025, 8:20:10 PM EDT [Modules] Streaming discord_spellcheck@1 to /home/bruce/.config/discord/0.0.103/modules/pending/discord_spellcheck-1.zip: 50%
8/2/2025, 8:20:10 PM EDT [Modules] Streaming discord_spellcheck@1 to /home/bruce/.config/discord/0.0.103/modules/pending/discord_spellcheck-1.zip: 51%
8/2/2025, 8:20:10 PM EDT [Modules] Streaming discord_spellcheck@1 to /home/bruce/.config/discord/0.0.103/modules/pending/discord_spellcheck-1.zip: 52%
8/2/2025, 8:20:10 PM EDT [Modules] Streaming discord_spellcheck@1 to /home/bruce/.config/discord/0.0.103/modules/pending/discord_spellcheck-1.zip: 53%
8/2/2025, 8:20:10 PM EDT [Modules] Streaming discord_spellcheck@1 to /home/bruce/.config/discord/0.0.103/modules/pending/discord_spellcheck-1.zip: 54%
8/2/2025, 8:20:10 PM EDT [Modules] Streaming discord_spellcheck@1 to /home/bruce/.config/discord/0.0.103/modules/pending/discord_spellcheck-1.zip: 55%
8/2/2025, 8:20:10 PM EDT [Modules] Streaming discord_spellcheck@1 to /home/bruce/.config/discord/0.0.103/modules/pending/discord_spellcheck-1.zip: 56%
8/2/2025, 8:20:10 PM EDT [Modules] Streaming discord_spellcheck@1 to /home/bruce/.config/discord/0.0.103/modules/pending/discord_spellcheck-1.zip: 57%
8/2/2025, 8:20:10 PM EDT [Modules] Streaming discord_spellcheck@1 to /home/bruce/.config/discord/0.0.103/modules/pending/discord_spellcheck-1.zip: 58%
8/2/2025, 8:20:10 PM EDT [Modules] Streaming discord_spellcheck@1 to /home/bruce/.config/discord/0.0.103/modules/pending/discord_spellcheck-1.zip: 59%
8/2/2025, 8:20:10 PM EDT [Modules] Streaming discord_spellcheck@1 to /home/bruce/.config/discord/0.0.103/modules/pending/discord_spellcheck-1.zip: 60%
8/2/2025, 8:20:10 PM EDT [Modules] Streaming discord_spellcheck@1 to /home/bruce/.config/discord/0.0.103/modules/pending/discord_spellcheck-1.zip: 61%
8/2/2025, 8:20:10 PM EDT [Modules] Streaming discord_spellcheck@1 to /home/bruce/.config/discord/0.0.103/modules/pending/discord_spellcheck-1.zip: 62%
8/2/2025, 8:20:10 PM EDT [Modules] Streaming discord_spellcheck@1 to /home/bruce/.config/discord/0.0.103/modules/pending/discord_spellcheck-1.zip: 63%
8/2/2025, 8:20:10 PM EDT [Modules] Streaming discord_spellcheck@1 to /home/bruce/.config/discord/0.0.103/modules/pending/discord_spellcheck-1.zip: 64%
8/2/2025, 8:20:10 PM EDT [Modules] Streaming discord_spellcheck@1 to /home/bruce/.config/discord/0.0.103/modules/pending/discord_spellcheck-1.zip: 65%
8/2/2025, 8:20:10 PM EDT [Modules] Streaming discord_spellcheck@1 to /home/bruce/.config/discord/0.0.103/modules/pending/discord_spellcheck-1.zip: 66%
8/2/2025, 8:20:10 PM EDT [Modules] Streaming discord_spellcheck@1 to /home/bruce/.config/discord/0.0.103/modules/pending/discord_spellcheck-1.zip: 67%
8/2/2025, 8:20:10 PM EDT [Modules] Streaming discord_spellcheck@1 to /home/bruce/.config/discord/0.0.103/modules/pending/discord_spellcheck-1.zip: 68%
8/2/2025, 8:20:10 PM EDT [Modules] Streaming discord_spellcheck@1 to /home/bruce/.config/discord/0.0.103/modules/pending/discord_spellcheck-1.zip: 69%
8/2/2025, 8:20:10 PM EDT [Modules] Streaming discord_spellcheck@1 to /home/bruce/.config/discord/0.0.103/modules/pending/discord_spellcheck-1.zip: 70%
8/2/2025, 8:20:10 PM EDT [Modules] Streaming discord_spellcheck@1 to /home/bruce/.config/discord/0.0.103/modules/pending/discord_spellcheck-1.zip: 71%
8/2/2025, 8:20:10 PM EDT [Modules] Streaming discord_spellcheck@1 to /home/bruce/.config/discord/0.0.103/modules/pending/discord_spellcheck-1.zip: 72%
8/2/2025, 8:20:10 PM EDT [Modules] Streaming discord_spellcheck@1 to /home/bruce/.config/discord/0.0.103/modules/pending/discord_spellcheck-1.zip: 73%
8/2/2025, 8:20:10 PM EDT [Modules] Streaming discord_spellcheck@1 to /home/bruce/.config/discord/0.0.103/modules/pending/discord_spellcheck-1.zip: 74%
8/2/2025, 8:20:10 PM EDT [Modules] Streaming discord_spellcheck@1 to /home/bruce/.config/discord/0.0.103/modules/pending/discord_spellcheck-1.zip: 75%
8/2/2025, 8:20:10 PM EDT [Modules] Streaming discord_spellcheck@1 to /home/bruce/.config/discord/0.0.103/modules/pending/discord_spellcheck-1.zip: 76%
8/2/2025, 8:20:10 PM EDT [Modules] Streaming discord_spellcheck@1 to /home/bruce/.config/discord/0.0.103/modules/pending/discord_spellcheck-1.zip: 77%
8/2/2025, 8:20:10 PM EDT [Modules] Streaming discord_spellcheck@1 to /home/bruce/.config/discord/0.0.103/modules/pending/discord_spellcheck-1.zip: 78%
8/2/2025, 8:20:10 PM EDT [Modules] Streaming discord_spellcheck@1 to /home/bruce/.config/discord/0.0.103/modules/pending/discord_spellcheck-1.zip: 79%
8/2/2025, 8:20:10 PM EDT [Modules] Streaming discord_spellcheck@1 to /home/bruce/.config/discord/0.0.103/modules/pending/discord_spellcheck-1.zip: 81%
8/2/2025, 8:20:10 PM EDT [Modules] Streaming discord_spellcheck@1 to /home/bruce/.config/discord/0.0.103/modules/pending/discord_spellcheck-1.zip: 82%
8/2/2025, 8:20:10 PM EDT [Modules] Streaming discord_spellcheck@1 to /home/bruce/.config/discord/0.0.103/modules/pending/discord_spellcheck-1.zip: 83%
8/2/2025, 8:20:10 PM EDT [Modules] Streaming discord_spellcheck@1 to /home/bruce/.config/discord/0.0.103/modules/pending/discord_spellcheck-1.zip: 84%
8/2/2025, 8:20:10 PM EDT [Modules] Streaming discord_spellcheck@1 to /home/bruce/.config/discord/0.0.103/modules/pending/discord_spellcheck-1.zip: 85%
8/2/2025, 8:20:10 PM EDT [Modules] Streaming discord_spellcheck@1 to /home/bruce/.config/discord/0.0.103/modules/pending/discord_spellcheck-1.zip: 86%
8/2/2025, 8:20:10 PM EDT [Modules] Streaming discord_spellcheck@1 to /home/bruce/.config/discord/0.0.103/modules/pending/discord_spellcheck-1.zip: 87%
8/2/2025, 8:20:10 PM EDT [Modules] Streaming discord_spellcheck@1 to /home/bruce/.config/discord/0.0.103/modules/pending/discord_spellcheck-1.zip: 88%
8/2/2025, 8:20:10 PM EDT [Modules] Streaming discord_spellcheck@1 to /home/bruce/.config/discord/0.0.103/modules/pending/discord_spellcheck-1.zip: 89%
8/2/2025, 8:20:10 PM EDT [Modules] Streaming discord_spellcheck@1 to /home/bruce/.config/discord/0.0.103/modules/pending/discord_spellcheck-1.zip: 90%
8/2/2025, 8:20:10 PM EDT [Modules] Streaming discord_spellcheck@1 to /home/bruce/.config/discord/0.0.103/modules/pending/discord_spellcheck-1.zip: 91%
8/2/2025, 8:20:10 PM EDT [Modules] Streaming discord_spellcheck@1 to /home/bruce/.config/discord/0.0.103/modules/pending/discord_spellcheck-1.zip: 94%
8/2/2025, 8:20:10 PM EDT [Modules] Streaming discord_spellcheck@1 to /home/bruce/.config/discord/0.0.103/modules/pending/discord_spellcheck-1.zip: 95%
8/2/2025, 8:20:10 PM EDT [Modules] Streaming discord_spellcheck@1 to /home/bruce/.config/discord/0.0.103/modules/pending/discord_spellcheck-1.zip: 96%
8/2/2025, 8:20:10 PM EDT [Modules] Streaming discord_spellcheck@1 to /home/bruce/.config/discord/0.0.103/modules/pending/discord_spellcheck-1.zip: 97%
8/2/2025, 8:20:10 PM EDT [Modules] Streaming discord_spellcheck@1 to /home/bruce/.config/discord/0.0.103/modules/pending/discord_spellcheck-1.zip: 98%
8/2/2025, 8:20:10 PM EDT [Modules] Streaming discord_spellcheck@1 to /home/bruce/.config/discord/0.0.103/modules/pending/discord_spellcheck-1.zip: 99%
8/2/2025, 8:20:10 PM EDT [Modules] Streaming discord_spellcheck@1 to /home/bruce/.config/discord/0.0.103/modules/pending/discord_spellcheck-1.zip: 100%
8/2/2025, 8:20:10 PM EDT [Modules] Fetching discord_utils@1 from https://discord.com/api/modules/stable/discord_utils/1
8/2/2025, 8:20:10 PM EDT [Modules] Streaming discord_utils@1 to /home/bruce/.config/discord/0.0.103/modules/pending/discord_utils-1.zip
8/2/2025, 8:20:10 PM EDT [Modules] Streaming discord_utils@1 to /home/bruce/.config/discord/0.0.103/modules/pending/discord_utils-1.zip: 1%
8/2/2025, 8:20:10 PM EDT [Modules] Streaming discord_utils@1 to /home/bruce/.config/discord/0.0.103/modules/pending/discord_utils-1.zip: 2%
8/2/2025, 8:20:10 PM EDT [Modules] Streaming discord_utils@1 to /home/bruce/.config/discord/0.0.103/modules/pending/discord_utils-1.zip: 5%
8/2/2025, 8:20:10 PM EDT [Modules] Streaming discord_utils@1 to /home/bruce/.config/discord/0.0.103/modules/pending/discord_utils-1.zip: 8%
8/2/2025, 8:20:10 PM EDT [Modules] Streaming discord_utils@1 to /home/bruce/.config/discord/0.0.103/modules/pending/discord_utils-1.zip: 9%
8/2/2025, 8:20:10 PM EDT [Modules] Streaming discord_utils@1 to /home/bruce/.config/discord/0.0.103/modules/pending/discord_utils-1.zip: 11%
8/2/2025, 8:20:10 PM EDT [Modules] Streaming discord_utils@1 to /home/bruce/.config/discord/0.0.103/modules/pending/discord_utils-1.zip: 12%
8/2/2025, 8:20:10 PM EDT [Modules] Streaming discord_utils@1 to /home/bruce/.config/discord/0.0.103/modules/pending/discord_utils-1.zip: 13%
8/2/2025, 8:20:10 PM EDT [Modules] Streaming discord_utils@1 to /home/bruce/.config/discord/0.0.103/modules/pending/discord_utils-1.zip: 15%
8/2/2025, 8:20:10 PM EDT [Modules] Streaming discord_utils@1 to /home/bruce/.config/discord/0.0.103/modules/pending/discord_utils-1.zip: 17%
8/2/2025, 8:20:10 PM EDT [Modules] Streaming discord_utils@1 to /home/bruce/.config/discord/0.0.103/modules/pending/discord_utils-1.zip: 19%
8/2/2025, 8:20:10 PM EDT [Modules] Streaming discord_utils@1 to /home/bruce/.config/discord/0.0.103/modules/pending/discord_utils-1.zip: 21%
8/2/2025, 8:20:10 PM EDT [Modules] Streaming discord_utils@1 to /home/bruce/.config/discord/0.0.103/modules/pending/discord_utils-1.zip: 22%
8/2/2025, 8:20:10 PM EDT [Modules] Streaming discord_utils@1 to /home/bruce/.config/discord/0.0.103/modules/pending/discord_utils-1.zip: 24%
8/2/2025, 8:20:10 PM EDT [Modules] Streaming discord_utils@1 to /home/bruce/.config/discord/0.0.103/modules/pending/discord_utils-1.zip: 25%
8/2/2025, 8:20:10 PM EDT [Modules] Streaming discord_utils@1 to /home/bruce/.config/discord/0.0.103/modules/pending/discord_utils-1.zip: 26%
8/2/2025, 8:20:10 PM EDT [Modules] Streaming discord_utils@1 to /home/bruce/.config/discord/0.0.103/modules/pending/discord_utils-1.zip: 32%
8/2/2025, 8:20:10 PM EDT [Modules] Streaming discord_utils@1 to /home/bruce/.config/discord/0.0.103/modules/pending/discord_utils-1.zip: 34%
8/2/2025, 8:20:10 PM EDT [Modules] Streaming discord_utils@1 to /home/bruce/.config/discord/0.0.103/modules/pending/discord_utils-1.zip: 35%
8/2/2025, 8:20:10 PM EDT [Modules] Streaming discord_utils@1 to /home/bruce/.config/discord/0.0.103/modules/pending/discord_utils-1.zip: 37%
8/2/2025, 8:20:10 PM EDT [Modules] Streaming discord_utils@1 to /home/bruce/.config/discord/0.0.103/modules/pending/discord_utils-1.zip: 40%
8/2/2025, 8:20:10 PM EDT [Modules] Streaming discord_utils@1 to /home/bruce/.config/discord/0.0.103/modules/pending/discord_utils-1.zip: 41%
8/2/2025, 8:20:10 PM EDT [Modules] Streaming discord_utils@1 to /home/bruce/.config/discord/0.0.103/modules/pending/discord_utils-1.zip: 42%
8/2/2025, 8:20:10 PM EDT [Modules] Streaming discord_utils@1 to /home/bruce/.config/discord/0.0.103/modules/pending/discord_utils-1.zip: 43%
8/2/2025, 8:20:10 PM EDT [Modules] Streaming discord_utils@1 to /home/bruce/.config/discord/0.0.103/modules/pending/discord_utils-1.zip: 44%
8/2/2025, 8:20:10 PM EDT [Modules] Streaming discord_utils@1 to /home/bruce/.config/discord/0.0.103/modules/pending/discord_utils-1.zip: 45%
8/2/2025, 8:20:10 PM EDT [Modules] Streaming discord_utils@1 to /home/bruce/.config/discord/0.0.103/modules/pending/discord_utils-1.zip: 46%
8/2/2025, 8:20:10 PM EDT [Modules] Streaming discord_utils@1 to /home/bruce/.config/discord/0.0.103/modules/pending/discord_utils-1.zip: 50%
8/2/2025, 8:20:10 PM EDT [Modules] Streaming discord_utils@1 to /home/bruce/.config/discord/0.0.103/modules/pending/discord_utils-1.zip: 51%
8/2/2025, 8:20:10 PM EDT [Modules] Streaming discord_utils@1 to /home/bruce/.config/discord/0.0.103/modules/pending/discord_utils-1.zip: 53%
8/2/2025, 8:20:10 PM EDT [Modules] Streaming discord_utils@1 to /home/bruce/.config/discord/0.0.103/modules/pending/discord_utils-1.zip: 54%
8/2/2025, 8:20:10 PM EDT [Modules] Streaming discord_utils@1 to /home/bruce/.config/discord/0.0.103/modules/pending/discord_utils-1.zip: 56%
8/2/2025, 8:20:10 PM EDT [Modules] Streaming discord_utils@1 to /home/bruce/.config/discord/0.0.103/modules/pending/discord_utils-1.zip: 58%
8/2/2025, 8:20:10 PM EDT [Modules] Streaming discord_utils@1 to /home/bruce/.config/discord/0.0.103/modules/pending/discord_utils-1.zip: 59%
8/2/2025, 8:20:10 PM EDT [Modules] Streaming discord_utils@1 to /home/bruce/.config/discord/0.0.103/modules/pending/discord_utils-1.zip: 62%
8/2/2025, 8:20:10 PM EDT [Modules] Streaming discord_utils@1 to /home/bruce/.config/discord/0.0.103/modules/pending/discord_utils-1.zip: 63%
8/2/2025, 8:20:10 PM EDT [Modules] Streaming discord_utils@1 to /home/bruce/.config/discord/0.0.103/modules/pending/discord_utils-1.zip: 65%
8/2/2025, 8:20:10 PM EDT [Modules] Streaming discord_utils@1 to /home/bruce/.config/discord/0.0.103/modules/pending/discord_utils-1.zip: 67%
8/2/2025, 8:20:10 PM EDT [Modules] Streaming discord_utils@1 to /home/bruce/.config/discord/0.0.103/modules/pending/discord_utils-1.zip: 68%
8/2/2025, 8:20:10 PM EDT [Modules] Streaming discord_utils@1 to /home/bruce/.config/discord/0.0.103/modules/pending/discord_utils-1.zip: 69%
8/2/2025, 8:20:10 PM EDT [Modules] Streaming discord_utils@1 to /home/bruce/.config/discord/0.0.103/modules/pending/discord_utils-1.zip: 72%
8/2/2025, 8:20:10 PM EDT [Modules] Streaming discord_utils@1 to /home/bruce/.config/discord/0.0.103/modules/pending/discord_utils-1.zip: 73%
8/2/2025, 8:20:10 PM EDT [Modules] Streaming discord_utils@1 to /home/bruce/.config/discord/0.0.103/modules/pending/discord_utils-1.zip: 74%
8/2/2025, 8:20:10 PM EDT [Modules] Streaming discord_utils@1 to /home/bruce/.config/discord/0.0.103/modules/pending/discord_utils-1.zip: 77%
8/2/2025, 8:20:10 PM EDT [Modules] Streaming discord_utils@1 to /home/bruce/.config/discord/0.0.103/modules/pending/discord_utils-1.zip: 78%
8/2/2025, 8:20:10 PM EDT [Modules] Streaming discord_utils@1 to /home/bruce/.config/discord/0.0.103/modules/pending/discord_utils-1.zip: 79%
8/2/2025, 8:20:10 PM EDT [Modules] Streaming discord_utils@1 to /home/bruce/.config/discord/0.0.103/modules/pending/discord_utils-1.zip: 80%
8/2/2025, 8:20:10 PM EDT [Modules] Streaming discord_utils@1 to /home/bruce/.config/discord/0.0.103/modules/pending/discord_utils-1.zip: 82%
8/2/2025, 8:20:10 PM EDT [Modules] Streaming discord_utils@1 to /home/bruce/.config/discord/0.0.103/modules/pending/discord_utils-1.zip: 83%
8/2/2025, 8:20:10 PM EDT [Modules] Streaming discord_utils@1 to /home/bruce/.config/discord/0.0.103/modules/pending/discord_utils-1.zip: 85%
8/2/2025, 8:20:10 PM EDT [Modules] Streaming discord_utils@1 to /home/bruce/.config/discord/0.0.103/modules/pending/discord_utils-1.zip: 86%
8/2/2025, 8:20:10 PM EDT [Modules] Streaming discord_utils@1 to /home/bruce/.config/discord/0.0.103/modules/pending/discord_utils-1.zip: 88%
8/2/2025, 8:20:10 PM EDT [Modules] Streaming discord_utils@1 to /home/bruce/.config/discord/0.0.103/modules/pending/discord_utils-1.zip: 91%
8/2/2025, 8:20:10 PM EDT [Modules] Streaming discord_utils@1 to /home/bruce/.config/discord/0.0.103/modules/pending/discord_utils-1.zip: 93%
8/2/2025, 8:20:10 PM EDT [Modules] Streaming discord_utils@1 to /home/bruce/.config/discord/0.0.103/modules/pending/discord_utils-1.zip: 94%
8/2/2025, 8:20:10 PM EDT [Modules] Streaming discord_utils@1 to /home/bruce/.config/discord/0.0.103/modules/pending/discord_utils-1.zip: 96%
8/2/2025, 8:20:10 PM EDT [Modules] Streaming discord_utils@1 to /home/bruce/.config/discord/0.0.103/modules/pending/discord_utils-1.zip: 98%
8/2/2025, 8:20:10 PM EDT [Modules] Streaming discord_utils@1 to /home/bruce/.config/discord/0.0.103/modules/pending/discord_utils-1.zip: 100%
8/2/2025, 8:20:10 PM EDT [Modules] Fetching discord_voice@1 from https://discord.com/api/modules/stable/discord_voice/1
8/2/2025, 8:20:10 PM EDT [Modules] Streaming discord_voice@1 to /home/bruce/.config/discord/0.0.103/modules/pending/discord_voice-1.zip
8/2/2025, 8:20:11 PM EDT [Modules] Streaming discord_voice@1 to /home/bruce/.config/discord/0.0.103/modules/pending/discord_voice-1.zip: 1%
8/2/2025, 8:20:11 PM EDT [Modules] Streaming discord_voice@1 to /home/bruce/.config/discord/0.0.103/modules/pending/discord_voice-1.zip: 2%
8/2/2025, 8:20:11 PM EDT [Modules] Streaming discord_voice@1 to /home/bruce/.config/discord/0.0.103/modules/pending/discord_voice-1.zip: 3%
8/2/2025, 8:20:11 PM EDT [Modules] Streaming discord_voice@1 to /home/bruce/.config/discord/0.0.103/modules/pending/discord_voice-1.zip: 4%
8/2/2025, 8:20:11 PM EDT [Modules] Streaming discord_voice@1 to /home/bruce/.config/discord/0.0.103/modules/pending/discord_voice-1.zip: 5%
8/2/2025, 8:20:11 PM EDT [Modules] Streaming discord_voice@1 to /home/bruce/.config/discord/0.0.103/modules/pending/discord_voice-1.zip: 6%
8/2/2025, 8:20:11 PM EDT [Modules] Streaming discord_voice@1 to /home/bruce/.config/discord/0.0.103/modules/pending/discord_voice-1.zip: 7%
8/2/2025, 8:20:11 PM EDT [Modules] Streaming discord_voice@1 to /home/bruce/.config/discord/0.0.103/modules/pending/discord_voice-1.zip: 8%
8/2/2025, 8:20:11 PM EDT [Modules] Streaming discord_voice@1 to /home/bruce/.config/discord/0.0.103/modules/pending/discord_voice-1.zip: 9%
8/2/2025, 8:20:11 PM EDT [Modules] Streaming discord_voice@1 to /home/bruce/.config/discord/0.0.103/modules/pending/discord_voice-1.zip: 10%
8/2/2025, 8:20:11 PM EDT [Modules] Streaming discord_voice@1 to /home/bruce/.config/discord/0.0.103/modules/pending/discord_voice-1.zip: 11%
8/2/2025, 8:20:11 PM EDT [Modules] Streaming discord_voice@1 to /home/bruce/.config/discord/0.0.103/modules/pending/discord_voice-1.zip: 12%
8/2/2025, 8:20:11 PM EDT [Modules] Streaming discord_voice@1 to /home/bruce/.config/discord/0.0.103/modules/pending/discord_voice-1.zip: 13%
8/2/2025, 8:20:11 PM EDT [Modules] Streaming discord_voice@1 to /home/bruce/.config/discord/0.0.103/modules/pending/discord_voice-1.zip: 14%
8/2/2025, 8:20:11 PM EDT [Modules] Streaming discord_voice@1 to /home/bruce/.config/discord/0.0.103/modules/pending/discord_voice-1.zip: 15%
8/2/2025, 8:20:11 PM EDT [Modules] Streaming discord_voice@1 to /home/bruce/.config/discord/0.0.103/modules/pending/discord_voice-1.zip: 16%
8/2/2025, 8:20:11 PM EDT [Modules] Streaming discord_voice@1 to /home/bruce/.config/discord/0.0.103/modules/pending/discord_voice-1.zip: 17%
8/2/2025, 8:20:11 PM EDT [Modules] Streaming discord_voice@1 to /home/bruce/.config/discord/0.0.103/modules/pending/discord_voice-1.zip: 18%
8/2/2025, 8:20:11 PM EDT [Modules] Streaming discord_voice@1 to /home/bruce/.config/discord/0.0.103/modules/pending/discord_voice-1.zip: 19%
8/2/2025, 8:20:11 PM EDT [Modules] Streaming discord_voice@1 to /home/bruce/.config/discord/0.0.103/modules/pending/discord_voice-1.zip: 20%
8/2/2025, 8:20:11 PM EDT [Modules] Streaming discord_voice@1 to /home/bruce/.config/discord/0.0.103/modules/pending/discord_voice-1.zip: 21%
8/2/2025, 8:20:11 PM EDT [Modules] Streaming discord_voice@1 to /home/bruce/.config/discord/0.0.103/modules/pending/discord_voice-1.zip: 22%
8/2/2025, 8:20:11 PM EDT [Modules] Streaming discord_voice@1 to /home/bruce/.config/discord/0.0.103/modules/pending/discord_voice-1.zip: 23%
8/2/2025, 8:20:11 PM EDT [Modules] Streaming discord_voice@1 to /home/bruce/.config/discord/0.0.103/modules/pending/discord_voice-1.zip: 24%
8/2/2025, 8:20:11 PM EDT [Modules] Streaming discord_voice@1 to /home/bruce/.config/discord/0.0.103/modules/pending/discord_voice-1.zip: 25%
8/2/2025, 8:20:11 PM EDT [Modules] Streaming discord_voice@1 to /home/bruce/.config/discord/0.0.103/modules/pending/discord_voice-1.zip: 26%
8/2/2025, 8:20:11 PM EDT [Modules] Streaming discord_voice@1 to /home/bruce/.config/discord/0.0.103/modules/pending/discord_voice-1.zip: 27%
8/2/2025, 8:20:11 PM EDT [Modules] Streaming discord_voice@1 to /home/bruce/.config/discord/0.0.103/modules/pending/discord_voice-1.zip: 28%
8/2/2025, 8:20:11 PM EDT [Modules] Streaming discord_voice@1 to /home/bruce/.config/discord/0.0.103/modules/pending/discord_voice-1.zip: 29%
8/2/2025, 8:20:11 PM EDT [Modules] Streaming discord_voice@1 to /home/bruce/.config/discord/0.0.103/modules/pending/discord_voice-1.zip: 30%
8/2/2025, 8:20:11 PM EDT [Modules] Streaming discord_voice@1 to /home/bruce/.config/discord/0.0.103/modules/pending/discord_voice-1.zip: 31%
8/2/2025, 8:20:11 PM EDT [Modules] Streaming discord_voice@1 to /home/bruce/.config/discord/0.0.103/modules/pending/discord_voice-1.zip: 32%
8/2/2025, 8:20:11 PM EDT [Modules] Streaming discord_voice@1 to /home/bruce/.config/discord/0.0.103/modules/pending/discord_voice-1.zip: 33%
8/2/2025, 8:20:11 PM EDT [Modules] Streaming discord_voice@1 to /home/bruce/.config/discord/0.0.103/modules/pending/discord_voice-1.zip: 34%
8/2/2025, 8:20:11 PM EDT [Modules] Streaming discord_voice@1 to /home/bruce/.config/discord/0.0.103/modules/pending/discord_voice-1.zip: 35%
8/2/2025, 8:20:11 PM EDT [Modules] Streaming discord_voice@1 to /home/bruce/.config/discord/0.0.103/modules/pending/discord_voice-1.zip: 36%
8/2/2025, 8:20:11 PM EDT [Modules] Streaming discord_voice@1 to /home/bruce/.config/discord/0.0.103/modules/pending/discord_voice-1.zip: 37%
8/2/2025, 8:20:11 PM EDT [Modules] Streaming discord_voice@1 to /home/bruce/.config/discord/0.0.103/modules/pending/discord_voice-1.zip: 38%
8/2/2025, 8:20:11 PM EDT [Modules] Streaming discord_voice@1 to /home/bruce/.config/discord/0.0.103/modules/pending/discord_voice-1.zip: 39%
8/2/2025, 8:20:11 PM EDT [Modules] Streaming discord_voice@1 to /home/bruce/.config/discord/0.0.103/modules/pending/discord_voice-1.zip: 40%
8/2/2025, 8:20:11 PM EDT [Modules] Streaming discord_voice@1 to /home/bruce/.config/discord/0.0.103/modules/pending/discord_voice-1.zip: 41%
8/2/2025, 8:20:11 PM EDT [Modules] Streaming discord_voice@1 to /home/bruce/.config/discord/0.0.103/modules/pending/discord_voice-1.zip: 42%
8/2/2025, 8:20:11 PM EDT [Modules] Streaming discord_voice@1 to /home/bruce/.config/discord/0.0.103/modules/pending/discord_voice-1.zip: 43%
8/2/2025, 8:20:11 PM EDT [Modules] Streaming discord_voice@1 to /home/bruce/.config/discord/0.0.103/modules/pending/discord_voice-1.zip: 44%
8/2/2025, 8:20:11 PM EDT [Modules] Streaming discord_voice@1 to /home/bruce/.config/discord/0.0.103/modules/pending/discord_voice-1.zip: 45%
8/2/2025, 8:20:11 PM EDT [Modules] Streaming discord_voice@1 to /home/bruce/.config/discord/0.0.103/modules/pending/discord_voice-1.zip: 46%
8/2/2025, 8:20:11 PM EDT [Modules] Streaming discord_voice@1 to /home/bruce/.config/discord/0.0.103/modules/pending/discord_voice-1.zip: 47%
8/2/2025, 8:20:11 PM EDT [Modules] Streaming discord_voice@1 to /home/bruce/.config/discord/0.0.103/modules/pending/discord_voice-1.zip: 48%
8/2/2025, 8:20:11 PM EDT [Modules] Streaming discord_voice@1 to /home/bruce/.config/discord/0.0.103/modules/pending/discord_voice-1.zip: 49%
8/2/2025, 8:20:11 PM EDT [Modules] Streaming discord_voice@1 to /home/bruce/.config/discord/0.0.103/modules/pending/discord_voice-1.zip: 50%
8/2/2025, 8:20:11 PM EDT [Modules] Streaming discord_voice@1 to /home/bruce/.config/discord/0.0.103/modules/pending/discord_voice-1.zip: 51%
8/2/2025, 8:20:11 PM EDT [Modules] Streaming discord_voice@1 to /home/bruce/.config/discord/0.0.103/modules/pending/discord_voice-1.zip: 52%
8/2/2025, 8:20:11 PM EDT [Modules] Streaming discord_voice@1 to /home/bruce/.config/discord/0.0.103/modules/pending/discord_voice-1.zip: 53%
8/2/2025, 8:20:11 PM EDT [Modules] Streaming discord_voice@1 to /home/bruce/.config/discord/0.0.103/modules/pending/discord_voice-1.zip: 54%
8/2/2025, 8:20:11 PM EDT [Modules] Streaming discord_voice@1 to /home/bruce/.config/discord/0.0.103/modules/pending/discord_voice-1.zip: 55%
8/2/2025, 8:20:11 PM EDT [Modules] Streaming discord_voice@1 to /home/bruce/.config/discord/0.0.103/modules/pending/discord_voice-1.zip: 56%
8/2/2025, 8:20:11 PM EDT [Modules] Streaming discord_voice@1 to /home/bruce/.config/discord/0.0.103/modules/pending/discord_voice-1.zip: 57%
8/2/2025, 8:20:11 PM EDT [Modules] Streaming discord_voice@1 to /home/bruce/.config/discord/0.0.103/modules/pending/discord_voice-1.zip: 58%
8/2/2025, 8:20:11 PM EDT [Modules] Streaming discord_voice@1 to /home/bruce/.config/discord/0.0.103/modules/pending/discord_voice-1.zip: 59%
8/2/2025, 8:20:11 PM EDT [Modules] Streaming discord_voice@1 to /home/bruce/.config/discord/0.0.103/modules/pending/discord_voice-1.zip: 60%
8/2/2025, 8:20:11 PM EDT [Modules] Streaming discord_voice@1 to /home/bruce/.config/discord/0.0.103/modules/pending/discord_voice-1.zip: 61%
8/2/2025, 8:20:11 PM EDT [Modules] Streaming discord_voice@1 to /home/bruce/.config/discord/0.0.103/modules/pending/discord_voice-1.zip: 62%
8/2/2025, 8:20:11 PM EDT [Modules] Streaming discord_voice@1 to /home/bruce/.config/discord/0.0.103/modules/pending/discord_voice-1.zip: 63%
8/2/2025, 8:20:11 PM EDT [Modules] Streaming discord_voice@1 to /home/bruce/.config/discord/0.0.103/modules/pending/discord_voice-1.zip: 64%
8/2/2025, 8:20:11 PM EDT [Modules] Streaming discord_voice@1 to /home/bruce/.config/discord/0.0.103/modules/pending/discord_voice-1.zip: 65%
8/2/2025, 8:20:11 PM EDT [Modules] Streaming discord_voice@1 to /home/bruce/.config/discord/0.0.103/modules/pending/discord_voice-1.zip: 66%
8/2/2025, 8:20:11 PM EDT [Modules] Streaming discord_voice@1 to /home/bruce/.config/discord/0.0.103/modules/pending/discord_voice-1.zip: 67%
8/2/2025, 8:20:11 PM EDT [Modules] Streaming discord_voice@1 to /home/bruce/.config/discord/0.0.103/modules/pending/discord_voice-1.zip: 68%
8/2/2025, 8:20:11 PM EDT [Modules] Streaming discord_voice@1 to /home/bruce/.config/discord/0.0.103/modules/pending/discord_voice-1.zip: 69%
8/2/2025, 8:20:12 PM EDT [Modules] Streaming discord_voice@1 to /home/bruce/.config/discord/0.0.103/modules/pending/discord_voice-1.zip: 70%
8/2/2025, 8:20:12 PM EDT [Modules] Streaming discord_voice@1 to /home/bruce/.config/discord/0.0.103/modules/pending/discord_voice-1.zip: 71%
8/2/2025, 8:20:12 PM EDT [Modules] Streaming discord_voice@1 to /home/bruce/.config/discord/0.0.103/modules/pending/discord_voice-1.zip: 72%
8/2/2025, 8:20:12 PM EDT [Modules] Streaming discord_voice@1 to /home/bruce/.config/discord/0.0.103/modules/pending/discord_voice-1.zip: 73%
8/2/2025, 8:20:12 PM EDT [Modules] Streaming discord_voice@1 to /home/bruce/.config/discord/0.0.103/modules/pending/discord_voice-1.zip: 74%
8/2/2025, 8:20:12 PM EDT [Modules] Streaming discord_voice@1 to /home/bruce/.config/discord/0.0.103/modules/pending/discord_voice-1.zip: 75%
8/2/2025, 8:20:12 PM EDT [Modules] Streaming discord_voice@1 to /home/bruce/.config/discord/0.0.103/modules/pending/discord_voice-1.zip: 76%
8/2/2025, 8:20:12 PM EDT [Modules] Streaming discord_voice@1 to /home/bruce/.config/discord/0.0.103/modules/pending/discord_voice-1.zip: 77%
8/2/2025, 8:20:12 PM EDT [Modules] Streaming discord_voice@1 to /home/bruce/.config/discord/0.0.103/modules/pending/discord_voice-1.zip: 78%
8/2/2025, 8:20:12 PM EDT [Modules] Streaming discord_voice@1 to /home/bruce/.config/discord/0.0.103/modules/pending/discord_voice-1.zip: 79%
8/2/2025, 8:20:12 PM EDT [Modules] Streaming discord_voice@1 to /home/bruce/.config/discord/0.0.103/modules/pending/discord_voice-1.zip: 80%
8/2/2025, 8:20:12 PM EDT [Modules] Streaming discord_voice@1 to /home/bruce/.config/discord/0.0.103/modules/pending/discord_voice-1.zip: 81%
8/2/2025, 8:20:12 PM EDT [Modules] Streaming discord_voice@1 to /home/bruce/.config/discord/0.0.103/modules/pending/discord_voice-1.zip: 82%
8/2/2025, 8:20:12 PM EDT [Modules] Streaming discord_voice@1 to /home/bruce/.config/discord/0.0.103/modules/pending/discord_voice-1.zip: 83%
8/2/2025, 8:20:12 PM EDT [Modules] Streaming discord_voice@1 to /home/bruce/.config/discord/0.0.103/modules/pending/discord_voice-1.zip: 84%
8/2/2025, 8:20:12 PM EDT [Modules] Streaming discord_voice@1 to /home/bruce/.config/discord/0.0.103/modules/pending/discord_voice-1.zip: 85%
8/2/2025, 8:20:12 PM EDT [Modules] Streaming discord_voice@1 to /home/bruce/.config/discord/0.0.103/modules/pending/discord_voice-1.zip: 86%
8/2/2025, 8:20:12 PM EDT [Modules] Streaming discord_voice@1 to /home/bruce/.config/discord/0.0.103/modules/pending/discord_voice-1.zip: 87%
8/2/2025, 8:20:12 PM EDT [Modules] Streaming discord_voice@1 to /home/bruce/.config/discord/0.0.103/modules/pending/discord_voice-1.zip: 88%
8/2/2025, 8:20:12 PM EDT [Modules] Streaming discord_voice@1 to /home/bruce/.config/discord/0.0.103/modules/pending/discord_voice-1.zip: 89%
8/2/2025, 8:20:12 PM EDT [Modules] Streaming discord_voice@1 to /home/bruce/.config/discord/0.0.103/modules/pending/discord_voice-1.zip: 90%
8/2/2025, 8:20:12 PM EDT [Modules] Streaming discord_voice@1 to /home/bruce/.config/discord/0.0.103/modules/pending/discord_voice-1.zip: 91%
8/2/2025, 8:20:12 PM EDT [Modules] Streaming discord_voice@1 to /home/bruce/.config/discord/0.0.103/modules/pending/discord_voice-1.zip: 92%
8/2/2025, 8:20:12 PM EDT [Modules] Streaming discord_voice@1 to /home/bruce/.config/discord/0.0.103/modules/pending/discord_voice-1.zip: 93%
8/2/2025, 8:20:12 PM EDT [Modules] Streaming discord_voice@1 to /home/bruce/.config/discord/0.0.103/modules/pending/discord_voice-1.zip: 94%
8/2/2025, 8:20:12 PM EDT [Modules] Streaming discord_voice@1 to /home/bruce/.config/discord/0.0.103/modules/pending/discord_voice-1.zip: 95%
8/2/2025, 8:20:12 PM EDT [Modules] Streaming discord_voice@1 to /home/bruce/.config/discord/0.0.103/modules/pending/discord_voice-1.zip: 96%
8/2/2025, 8:20:12 PM EDT [Modules] Streaming discord_voice@1 to /home/bruce/.config/discord/0.0.103/modules/pending/discord_voice-1.zip: 97%
8/2/2025, 8:20:12 PM EDT [Modules] Streaming discord_voice@1 to /home/bruce/.config/discord/0.0.103/modules/pending/discord_voice-1.zip: 98%
8/2/2025, 8:20:12 PM EDT [Modules] Streaming discord_voice@1 to /home/bruce/.config/discord/0.0.103/modules/pending/discord_voice-1.zip: 99%
8/2/2025, 8:20:12 PM EDT [Modules] Streaming discord_voice@1 to /home/bruce/.config/discord/0.0.103/modules/pending/discord_voice-1.zip: 100%
8/2/2025, 8:20:12 PM EDT [Modules] Fetching discord_zstd@1 from https://discord.com/api/modules/stable/discord_zstd/1
8/2/2025, 8:20:12 PM EDT [Modules] Streaming discord_zstd@1 to /home/bruce/.config/discord/0.0.103/modules/pending/discord_zstd-1.zip
8/2/2025, 8:20:12 PM EDT [Modules] Streaming discord_zstd@1 to /home/bruce/.config/discord/0.0.103/modules/pending/discord_zstd-1.zip: 2%
8/2/2025, 8:20:12 PM EDT [Modules] Streaming discord_zstd@1 to /home/bruce/.config/discord/0.0.103/modules/pending/discord_zstd-1.zip: 8%
8/2/2025, 8:20:12 PM EDT [Modules] Streaming discord_zstd@1 to /home/bruce/.config/discord/0.0.103/modules/pending/discord_zstd-1.zip: 14%
8/2/2025, 8:20:12 PM EDT [Modules] Streaming discord_zstd@1 to /home/bruce/.config/discord/0.0.103/modules/pending/discord_zstd-1.zip: 17%
8/2/2025, 8:20:12 PM EDT [Modules] Streaming discord_zstd@1 to /home/bruce/.config/discord/0.0.103/modules/pending/discord_zstd-1.zip: 23%
8/2/2025, 8:20:12 PM EDT [Modules] Streaming discord_zstd@1 to /home/bruce/.config/discord/0.0.103/modules/pending/discord_zstd-1.zip: 25%
8/2/2025, 8:20:12 PM EDT [Modules] Streaming discord_zstd@1 to /home/bruce/.config/discord/0.0.103/modules/pending/discord_zstd-1.zip: 27%
8/2/2025, 8:20:12 PM EDT [Modules] Streaming discord_zstd@1 to /home/bruce/.config/discord/0.0.103/modules/pending/discord_zstd-1.zip: 33%
8/2/2025, 8:20:12 PM EDT [Modules] Streaming discord_zstd@1 to /home/bruce/.config/discord/0.0.103/modules/pending/discord_zstd-1.zip: 37%
8/2/2025, 8:20:12 PM EDT [Modules] Streaming discord_zstd@1 to /home/bruce/.config/discord/0.0.103/modules/pending/discord_zstd-1.zip: 43%
8/2/2025, 8:20:12 PM EDT [Modules] Streaming discord_zstd@1 to /home/bruce/.config/discord/0.0.103/modules/pending/discord_zstd-1.zip: 48%
8/2/2025, 8:20:12 PM EDT [Modules] Streaming discord_zstd@1 to /home/bruce/.config/discord/0.0.103/modules/pending/discord_zstd-1.zip: 50%
8/2/2025, 8:20:12 PM EDT [Modules] Streaming discord_zstd@1 to /home/bruce/.config/discord/0.0.103/modules/pending/discord_zstd-1.zip: 51%
8/2/2025, 8:20:12 PM EDT [Modules] Streaming discord_zstd@1 to /home/bruce/.config/discord/0.0.103/modules/pending/discord_zstd-1.zip: 61%
8/2/2025, 8:20:12 PM EDT [Modules] Streaming discord_zstd@1 to /home/bruce/.config/discord/0.0.103/modules/pending/discord_zstd-1.zip: 69%
8/2/2025, 8:20:12 PM EDT [Modules] Streaming discord_zstd@1 to /home/bruce/.config/discord/0.0.103/modules/pending/discord_zstd-1.zip: 73%
8/2/2025, 8:20:12 PM EDT [Modules] Streaming discord_zstd@1 to /home/bruce/.config/discord/0.0.103/modules/pending/discord_zstd-1.zip: 77%
8/2/2025, 8:20:12 PM EDT [Modules] Streaming discord_zstd@1 to /home/bruce/.config/discord/0.0.103/modules/pending/discord_zstd-1.zip: 81%
8/2/2025, 8:20:12 PM EDT [Modules] Streaming discord_zstd@1 to /home/bruce/.config/discord/0.0.103/modules/pending/discord_zstd-1.zip: 86%
8/2/2025, 8:20:12 PM EDT [Modules] Streaming discord_zstd@1 to /home/bruce/.config/discord/0.0.103/modules/pending/discord_zstd-1.zip: 90%
8/2/2025, 8:20:12 PM EDT [Modules] Streaming discord_zstd@1 to /home/bruce/.config/discord/0.0.103/modules/pending/discord_zstd-1.zip: 96%
8/2/2025, 8:20:12 PM EDT [Modules] Streaming discord_zstd@1 to /home/bruce/.config/discord/0.0.103/modules/pending/discord_zstd-1.zip: 100%
8/2/2025, 8:20:12 PM EDT [Modules] Finished module downloads. [success: 6] [failure: 0]
8/2/2025, 8:20:12 PM EDT [Modules] Installing updates...
8/2/2025, 8:20:12 PM EDT [Modules] Installing discord_desktop_core@1 from /home/bruce/.config/discord/0.0.103/modules/pending/discord_desktop_core-1.zip
8/2/2025, 8:20:12 PM EDT [Modules] Installing discord_erlpack@1 from /home/bruce/.config/discord/0.0.103/modules/pending/discord_erlpack-1.zip
8/2/2025, 8:20:12 PM EDT [Modules] Installing discord_spellcheck@1 from /home/bruce/.config/discord/0.0.103/modules/pending/discord_spellcheck-1.zip
8/2/2025, 8:20:13 PM EDT [Modules] Installing discord_utils@1 from /home/bruce/.config/discord/0.0.103/modules/pending/discord_utils-1.zip
8/2/2025, 8:20:13 PM EDT [Modules] Installing discord_voice@1 from /home/bruce/.config/discord/0.0.103/modules/pending/discord_voice-1.zip
8/2/2025, 8:20:14 PM EDT [Modules] Installing discord_zstd@1 from /home/bruce/.config/discord/0.0.103/modules/pending/discord_zstd-1.zip
8/2/2025, 8:20:14 PM EDT [Modules] Finished module installations. [success: 6] [failure: 0]
8/2/2025, 8:20:14 PM EDT [Modules] Checking for host updates.
8/2/2025, 8:20:14 PM EDT [Modules] Host is up to date.
8/2/2025, 8:20:14 PM EDT [Modules] Checking for module updates at https://discord.com/api/modules/stable/versions.json
8/2/2025, 8:20:14 PM EDT [Modules] No module updates available.
8/2/2025, 8:20:15 PM EDT [Modules] Starting to install discord_krisp...
8/2/2025, 8:20:15 PM EDT [Modules] Fetching discord_krisp@1 from https://discord.com/api/modules/stable/discord_krisp/1
8/2/2025, 8:20:15 PM EDT [Modules] Streaming discord_krisp@1 to /home/bruce/.config/discord/0.0.103/modules/pending/discord_krisp-1.zip
8/2/2025, 8:20:15 PM EDT [Modules] Starting to install discord_game_utils...
8/2/2025, 8:20:16 PM EDT [Modules] Streaming discord_krisp@1 to /home/bruce/.config/discord/0.0.103/modules/pending/discord_krisp-1.zip: 1%
8/2/2025, 8:20:16 PM EDT [Modules] Streaming discord_krisp@1 to /home/bruce/.config/discord/0.0.103/modules/pending/discord_krisp-1.zip: 2%
8/2/2025, 8:20:16 PM EDT [Modules] Streaming discord_krisp@1 to /home/bruce/.config/discord/0.0.103/modules/pending/discord_krisp-1.zip: 3%
8/2/2025, 8:20:16 PM EDT [Modules] Streaming discord_krisp@1 to /home/bruce/.config/discord/0.0.103/modules/pending/discord_krisp-1.zip: 4%
8/2/2025, 8:20:16 PM EDT [Modules] Streaming discord_krisp@1 to /home/bruce/.config/discord/0.0.103/modules/pending/discord_krisp-1.zip: 5%
8/2/2025, 8:20:16 PM EDT [Modules] Streaming discord_krisp@1 to /home/bruce/.config/discord/0.0.103/modules/pending/discord_krisp-1.zip: 6%
8/2/2025, 8:20:16 PM EDT [Modules] Streaming discord_krisp@1 to /home/bruce/.config/discord/0.0.103/modules/pending/discord_krisp-1.zip: 7%
8/2/2025, 8:20:16 PM EDT [Modules] Streaming discord_krisp@1 to /home/bruce/.config/discord/0.0.103/modules/pending/discord_krisp-1.zip: 8%
8/2/2025, 8:20:16 PM EDT [Modules] Streaming discord_krisp@1 to /home/bruce/.config/discord/0.0.103/modules/pending/discord_krisp-1.zip: 9%
8/2/2025, 8:20:16 PM EDT [Modules] Streaming discord_krisp@1 to /home/bruce/.config/discord/0.0.103/modules/pending/discord_krisp-1.zip: 10%
8/2/2025, 8:20:16 PM EDT [Modules] Streaming discord_krisp@1 to /home/bruce/.config/discord/0.0.103/modules/pending/discord_krisp-1.zip: 11%
8/2/2025, 8:20:16 PM EDT [Modules] Streaming discord_krisp@1 to /home/bruce/.config/discord/0.0.103/modules/pending/discord_krisp-1.zip: 12%
8/2/2025, 8:20:16 PM EDT [Modules] Streaming discord_krisp@1 to /home/bruce/.config/discord/0.0.103/modules/pending/discord_krisp-1.zip: 13%
8/2/2025, 8:20:16 PM EDT [Modules] Streaming discord_krisp@1 to /home/bruce/.config/discord/0.0.103/modules/pending/discord_krisp-1.zip: 14%
8/2/2025, 8:20:16 PM EDT [Modules] Streaming discord_krisp@1 to /home/bruce/.config/discord/0.0.103/modules/pending/discord_krisp-1.zip: 15%
8/2/2025, 8:20:16 PM EDT [Modules] Streaming discord_krisp@1 to /home/bruce/.config/discord/0.0.103/modules/pending/discord_krisp-1.zip: 16%
8/2/2025, 8:20:16 PM EDT [Modules] Streaming discord_krisp@1 to /home/bruce/.config/discord/0.0.103/modules/pending/discord_krisp-1.zip: 17%
8/2/2025, 8:20:16 PM EDT [Modules] Streaming discord_krisp@1 to /home/bruce/.config/discord/0.0.103/modules/pending/discord_krisp-1.zip: 18%
8/2/2025, 8:20:16 PM EDT [Modules] Streaming discord_krisp@1 to /home/bruce/.config/discord/0.0.103/modules/pending/discord_krisp-1.zip: 19%
8/2/2025, 8:20:16 PM EDT [Modules] Streaming discord_krisp@1 to /home/bruce/.config/discord/0.0.103/modules/pending/discord_krisp-1.zip: 20%
8/2/2025, 8:20:16 PM EDT [Modules] Streaming discord_krisp@1 to /home/bruce/.config/discord/0.0.103/modules/pending/discord_krisp-1.zip: 21%
8/2/2025, 8:20:16 PM EDT [Modules] Streaming discord_krisp@1 to /home/bruce/.config/discord/0.0.103/modules/pending/discord_krisp-1.zip: 22%
8/2/2025, 8:20:16 PM EDT [Modules] Streaming discord_krisp@1 to /home/bruce/.config/discord/0.0.103/modules/pending/discord_krisp-1.zip: 23%
8/2/2025, 8:20:16 PM EDT [Modules] Streaming discord_krisp@1 to /home/bruce/.config/discord/0.0.103/modules/pending/discord_krisp-1.zip: 24%
8/2/2025, 8:20:16 PM EDT [Modules] Streaming discord_krisp@1 to /home/bruce/.config/discord/0.0.103/modules/pending/discord_krisp-1.zip: 25%
8/2/2025, 8:20:16 PM EDT [Modules] Streaming discord_krisp@1 to /home/bruce/.config/discord/0.0.103/modules/pending/discord_krisp-1.zip: 26%
8/2/2025, 8:20:16 PM EDT [Modules] Streaming discord_krisp@1 to /home/bruce/.config/discord/0.0.103/modules/pending/discord_krisp-1.zip: 27%
8/2/2025, 8:20:16 PM EDT [Modules] Streaming discord_krisp@1 to /home/bruce/.config/discord/0.0.103/modules/pending/discord_krisp-1.zip: 28%
8/2/2025, 8:20:16 PM EDT [Modules] Streaming discord_krisp@1 to /home/bruce/.config/discord/0.0.103/modules/pending/discord_krisp-1.zip: 29%
8/2/2025, 8:20:16 PM EDT [Modules] Streaming discord_krisp@1 to /home/bruce/.config/discord/0.0.103/modules/pending/discord_krisp-1.zip: 30%
8/2/2025, 8:20:16 PM EDT [Modules] Streaming discord_krisp@1 to /home/bruce/.config/discord/0.0.103/modules/pending/discord_krisp-1.zip: 31%
8/2/2025, 8:20:16 PM EDT [Modules] Streaming discord_krisp@1 to /home/bruce/.config/discord/0.0.103/modules/pending/discord_krisp-1.zip: 32%
8/2/2025, 8:20:16 PM EDT [Modules] Streaming discord_krisp@1 to /home/bruce/.config/discord/0.0.103/modules/pending/discord_krisp-1.zip: 33%
8/2/2025, 8:20:17 PM EDT [Modules] Starting to install discord_rpc...
8/2/2025, 8:20:17 PM EDT [Modules] Streaming discord_krisp@1 to /home/bruce/.config/discord/0.0.103/modules/pending/discord_krisp-1.zip: 34%
8/2/2025, 8:20:17 PM EDT [Modules] Streaming discord_krisp@1 to /home/bruce/.config/discord/0.0.103/modules/pending/discord_krisp-1.zip: 35%
8/2/2025, 8:20:17 PM EDT [Modules] Streaming discord_krisp@1 to /home/bruce/.config/discord/0.0.103/modules/pending/discord_krisp-1.zip: 36%
8/2/2025, 8:20:17 PM EDT [Modules] Streaming discord_krisp@1 to /home/bruce/.config/discord/0.0.103/modules/pending/discord_krisp-1.zip: 37%
8/2/2025, 8:20:17 PM EDT [Modules] Streaming discord_krisp@1 to /home/bruce/.config/discord/0.0.103/modules/pending/discord_krisp-1.zip: 38%
8/2/2025, 8:20:17 PM EDT [Modules] Streaming discord_krisp@1 to /home/bruce/.config/discord/0.0.103/modules/pending/discord_krisp-1.zip: 39%
8/2/2025, 8:20:17 PM EDT [Modules] Streaming discord_krisp@1 to /home/bruce/.config/discord/0.0.103/modules/pending/discord_krisp-1.zip: 40%
8/2/2025, 8:20:17 PM EDT [Modules] Streaming discord_krisp@1 to /home/bruce/.config/discord/0.0.103/modules/pending/discord_krisp-1.zip: 41%
8/2/2025, 8:20:17 PM EDT [Modules] Streaming discord_krisp@1 to /home/bruce/.config/discord/0.0.103/modules/pending/discord_krisp-1.zip: 42%
8/2/2025, 8:20:17 PM EDT [Modules] Streaming discord_krisp@1 to /home/bruce/.config/discord/0.0.103/modules/pending/discord_krisp-1.zip: 43%
8/2/2025, 8:20:17 PM EDT [Modules] Streaming discord_krisp@1 to /home/bruce/.config/discord/0.0.103/modules/pending/discord_krisp-1.zip: 44%
8/2/2025, 8:20:17 PM EDT [Modules] Streaming discord_krisp@1 to /home/bruce/.config/discord/0.0.103/modules/pending/discord_krisp-1.zip: 45%
8/2/2025, 8:20:17 PM EDT [Modules] Streaming discord_krisp@1 to /home/bruce/.config/discord/0.0.103/modules/pending/discord_krisp-1.zip: 46%
8/2/2025, 8:20:17 PM EDT [Modules] Streaming discord_krisp@1 to /home/bruce/.config/discord/0.0.103/modules/pending/discord_krisp-1.zip: 47%
8/2/2025, 8:20:17 PM EDT [Modules] Streaming discord_krisp@1 to /home/bruce/.config/discord/0.0.103/modules/pending/discord_krisp-1.zip: 48%
8/2/2025, 8:20:17 PM EDT [Modules] Streaming discord_krisp@1 to /home/bruce/.config/discord/0.0.103/modules/pending/discord_krisp-1.zip: 49%
8/2/2025, 8:20:17 PM EDT [Modules] Streaming discord_krisp@1 to /home/bruce/.config/discord/0.0.103/modules/pending/discord_krisp-1.zip: 50%
8/2/2025, 8:20:17 PM EDT [Modules] Streaming discord_krisp@1 to /home/bruce/.config/discord/0.0.103/modules/pending/discord_krisp-1.zip: 51%
8/2/2025, 8:20:17 PM EDT [Modules] Streaming discord_krisp@1 to /home/bruce/.config/discord/0.0.103/modules/pending/discord_krisp-1.zip: 52%
8/2/2025, 8:20:17 PM EDT [Modules] Streaming discord_krisp@1 to /home/bruce/.config/discord/0.0.103/modules/pending/discord_krisp-1.zip: 53%
8/2/2025, 8:20:17 PM EDT [Modules] Streaming discord_krisp@1 to /home/bruce/.config/discord/0.0.103/modules/pending/discord_krisp-1.zip: 54%
8/2/2025, 8:20:17 PM EDT [Modules] Streaming discord_krisp@1 to /home/bruce/.config/discord/0.0.103/modules/pending/discord_krisp-1.zip: 55%
8/2/2025, 8:20:17 PM EDT [Modules] Streaming discord_krisp@1 to /home/bruce/.config/discord/0.0.103/modules/pending/discord_krisp-1.zip: 56%
8/2/2025, 8:20:17 PM EDT [Modules] Streaming discord_krisp@1 to /home/bruce/.config/discord/0.0.103/modules/pending/discord_krisp-1.zip: 57%
8/2/2025, 8:20:17 PM EDT [Modules] Streaming discord_krisp@1 to /home/bruce/.config/discord/0.0.103/modules/pending/discord_krisp-1.zip: 58%
8/2/2025, 8:20:17 PM EDT [Modules] Streaming discord_krisp@1 to /home/bruce/.config/discord/0.0.103/modules/pending/discord_krisp-1.zip: 59%
8/2/2025, 8:20:17 PM EDT [Modules] Streaming discord_krisp@1 to /home/bruce/.config/discord/0.0.103/modules/pending/discord_krisp-1.zip: 60%
8/2/2025, 8:20:17 PM EDT [Modules] Streaming discord_krisp@1 to /home/bruce/.config/discord/0.0.103/modules/pending/discord_krisp-1.zip: 61%
8/2/2025, 8:20:17 PM EDT [Modules] Streaming discord_krisp@1 to /home/bruce/.config/discord/0.0.103/modules/pending/discord_krisp-1.zip: 62%
8/2/2025, 8:20:17 PM EDT [Modules] Streaming discord_krisp@1 to /home/bruce/.config/discord/0.0.103/modules/pending/discord_krisp-1.zip: 63%
8/2/2025, 8:20:17 PM EDT [Modules] Streaming discord_krisp@1 to /home/bruce/.config/discord/0.0.103/modules/pending/discord_krisp-1.zip: 64%
8/2/2025, 8:20:17 PM EDT [Modules] Streaming discord_krisp@1 to /home/bruce/.config/discord/0.0.103/modules/pending/discord_krisp-1.zip: 65%
8/2/2025, 8:20:17 PM EDT [Modules] Streaming discord_krisp@1 to /home/bruce/.config/discord/0.0.103/modules/pending/discord_krisp-1.zip: 66%
8/2/2025, 8:20:17 PM EDT [Modules] Streaming discord_krisp@1 to /home/bruce/.config/discord/0.0.103/modules/pending/discord_krisp-1.zip: 67%
8/2/2025, 8:20:17 PM EDT [Modules] Streaming discord_krisp@1 to /home/bruce/.config/discord/0.0.103/modules/pending/discord_krisp-1.zip: 68%
8/2/2025, 8:20:17 PM EDT [Modules] Streaming discord_krisp@1 to /home/bruce/.config/discord/0.0.103/modules/pending/discord_krisp-1.zip: 69%
8/2/2025, 8:20:17 PM EDT [Modules] Streaming discord_krisp@1 to /home/bruce/.config/discord/0.0.103/modules/pending/discord_krisp-1.zip: 70%
8/2/2025, 8:20:17 PM EDT [Modules] Streaming discord_krisp@1 to /home/bruce/.config/discord/0.0.103/modules/pending/discord_krisp-1.zip: 71%
8/2/2025, 8:20:17 PM EDT [Modules] Streaming discord_krisp@1 to /home/bruce/.config/discord/0.0.103/modules/pending/discord_krisp-1.zip: 72%
8/2/2025, 8:20:17 PM EDT [Modules] Streaming discord_krisp@1 to /home/bruce/.config/discord/0.0.103/modules/pending/discord_krisp-1.zip: 73%
8/2/2025, 8:20:17 PM EDT [Modules] Streaming discord_krisp@1 to /home/bruce/.config/discord/0.0.103/modules/pending/discord_krisp-1.zip: 74%
8/2/2025, 8:20:17 PM EDT [Modules] Streaming discord_krisp@1 to /home/bruce/.config/discord/0.0.103/modules/pending/discord_krisp-1.zip: 75%
8/2/2025, 8:20:17 PM EDT [Modules] Streaming discord_krisp@1 to /home/bruce/.config/discord/0.0.103/modules/pending/discord_krisp-1.zip: 76%
8/2/2025, 8:20:18 PM EDT [Modules] Streaming discord_krisp@1 to /home/bruce/.config/discord/0.0.103/modules/pending/discord_krisp-1.zip: 77%
8/2/2025, 8:20:18 PM EDT [Modules] Streaming discord_krisp@1 to /home/bruce/.config/discord/0.0.103/modules/pending/discord_krisp-1.zip: 78%
8/2/2025, 8:20:18 PM EDT [Modules] Streaming discord_krisp@1 to /home/bruce/.config/discord/0.0.103/modules/pending/discord_krisp-1.zip: 79%
8/2/2025, 8:20:18 PM EDT [Modules] Streaming discord_krisp@1 to /home/bruce/.config/discord/0.0.103/modules/pending/discord_krisp-1.zip: 80%
8/2/2025, 8:20:18 PM EDT [Modules] Streaming discord_krisp@1 to /home/bruce/.config/discord/0.0.103/modules/pending/discord_krisp-1.zip: 81%
8/2/2025, 8:20:18 PM EDT [Modules] Streaming discord_krisp@1 to /home/bruce/.config/discord/0.0.103/modules/pending/discord_krisp-1.zip: 82%
8/2/2025, 8:20:18 PM EDT [Modules] Streaming discord_krisp@1 to /home/bruce/.config/discord/0.0.103/modules/pending/discord_krisp-1.zip: 83%
8/2/2025, 8:20:18 PM EDT [Modules] Streaming discord_krisp@1 to /home/bruce/.config/discord/0.0.103/modules/pending/discord_krisp-1.zip: 84%
8/2/2025, 8:20:18 PM EDT [Modules] Streaming discord_krisp@1 to /home/bruce/.config/discord/0.0.103/modules/pending/discord_krisp-1.zip: 85%
8/2/2025, 8:20:18 PM EDT [Modules] Streaming discord_krisp@1 to /home/bruce/.config/discord/0.0.103/modules/pending/discord_krisp-1.zip: 86%
8/2/2025, 8:20:18 PM EDT [Modules] Streaming discord_krisp@1 to /home/bruce/.config/discord/0.0.103/modules/pending/discord_krisp-1.zip: 87%
8/2/2025, 8:20:18 PM EDT [Modules] Streaming discord_krisp@1 to /home/bruce/.config/discord/0.0.103/modules/pending/discord_krisp-1.zip: 88%
8/2/2025, 8:20:18 PM EDT [Modules] Streaming discord_krisp@1 to /home/bruce/.config/discord/0.0.103/modules/pending/discord_krisp-1.zip: 89%
8/2/2025, 8:20:18 PM EDT [Modules] Streaming discord_krisp@1 to /home/bruce/.config/discord/0.0.103/modules/pending/discord_krisp-1.zip: 90%
8/2/2025, 8:20:18 PM EDT [Modules] Streaming discord_krisp@1 to /home/bruce/.config/discord/0.0.103/modules/pending/discord_krisp-1.zip: 91%
8/2/2025, 8:20:18 PM EDT [Modules] Streaming discord_krisp@1 to /home/bruce/.config/discord/0.0.103/modules/pending/discord_krisp-1.zip: 92%
8/2/2025, 8:20:18 PM EDT [Modules] Streaming discord_krisp@1 to /home/bruce/.config/discord/0.0.103/modules/pending/discord_krisp-1.zip: 93%
8/2/2025, 8:20:18 PM EDT [Modules] Streaming discord_krisp@1 to /home/bruce/.config/discord/0.0.103/modules/pending/discord_krisp-1.zip: 94%
8/2/2025, 8:20:18 PM EDT [Modules] Streaming discord_krisp@1 to /home/bruce/.config/discord/0.0.103/modules/pending/discord_krisp-1.zip: 95%
8/2/2025, 8:20:18 PM EDT [Modules] Streaming discord_krisp@1 to /home/bruce/.config/discord/0.0.103/modules/pending/discord_krisp-1.zip: 96%
8/2/2025, 8:20:18 PM EDT [Modules] Streaming discord_krisp@1 to /home/bruce/.config/discord/0.0.103/modules/pending/discord_krisp-1.zip: 97%
8/2/2025, 8:20:18 PM EDT [Modules] Streaming discord_krisp@1 to /home/bruce/.config/discord/0.0.103/modules/pending/discord_krisp-1.zip: 98%
8/2/2025, 8:20:18 PM EDT [Modules] Streaming discord_krisp@1 to /home/bruce/.config/discord/0.0.103/modules/pending/discord_krisp-1.zip: 99%
8/2/2025, 8:20:18 PM EDT [Modules] Streaming discord_krisp@1 to /home/bruce/.config/discord/0.0.103/modules/pending/discord_krisp-1.zip: 100%
8/2/2025, 8:20:18 PM EDT [Modules] Fetching discord_game_utils@1 from https://discord.com/api/modules/stable/discord_game_utils/1
8/2/2025, 8:20:18 PM EDT [Modules] Streaming discord_game_utils@1 to /home/bruce/.config/discord/0.0.103/modules/pending/discord_game_utils-1.zip
8/2/2025, 8:20:18 PM EDT [Modules] Installing discord_krisp@1 from /home/bruce/.config/discord/0.0.103/modules/pending/discord_krisp-1.zip
8/2/2025, 8:20:18 PM EDT [Modules] Streaming discord_game_utils@1 to /home/bruce/.config/discord/0.0.103/modules/pending/discord_game_utils-1.zip: 2%
8/2/2025, 8:20:18 PM EDT [Modules] Streaming discord_game_utils@1 to /home/bruce/.config/discord/0.0.103/modules/pending/discord_game_utils-1.zip: 4%
8/2/2025, 8:20:18 PM EDT [Modules] Streaming discord_game_utils@1 to /home/bruce/.config/discord/0.0.103/modules/pending/discord_game_utils-1.zip: 5%
8/2/2025, 8:20:18 PM EDT [Modules] Streaming discord_game_utils@1 to /home/bruce/.config/discord/0.0.103/modules/pending/discord_game_utils-1.zip: 6%
8/2/2025, 8:20:18 PM EDT [Modules] Streaming discord_game_utils@1 to /home/bruce/.config/discord/0.0.103/modules/pending/discord_game_utils-1.zip: 7%
8/2/2025, 8:20:18 PM EDT [Modules] Streaming discord_game_utils@1 to /home/bruce/.config/discord/0.0.103/modules/pending/discord_game_utils-1.zip: 8%
8/2/2025, 8:20:18 PM EDT [Modules] Streaming discord_game_utils@1 to /home/bruce/.config/discord/0.0.103/modules/pending/discord_game_utils-1.zip: 9%
8/2/2025, 8:20:18 PM EDT [Modules] Streaming discord_game_utils@1 to /home/bruce/.config/discord/0.0.103/modules/pending/discord_game_utils-1.zip: 10%
8/2/2025, 8:20:18 PM EDT [Modules] Streaming discord_game_utils@1 to /home/bruce/.config/discord/0.0.103/modules/pending/discord_game_utils-1.zip: 12%
8/2/2025, 8:20:18 PM EDT [Modules] Streaming discord_game_utils@1 to /home/bruce/.config/discord/0.0.103/modules/pending/discord_game_utils-1.zip: 14%
8/2/2025, 8:20:18 PM EDT [Modules] Streaming discord_game_utils@1 to /home/bruce/.config/discord/0.0.103/modules/pending/discord_game_utils-1.zip: 15%
8/2/2025, 8:20:18 PM EDT [Modules] Streaming discord_game_utils@1 to /home/bruce/.config/discord/0.0.103/modules/pending/discord_game_utils-1.zip: 17%
8/2/2025, 8:20:18 PM EDT [Modules] Streaming discord_game_utils@1 to /home/bruce/.config/discord/0.0.103/modules/pending/discord_game_utils-1.zip: 20%
8/2/2025, 8:20:18 PM EDT [Modules] Streaming discord_game_utils@1 to /home/bruce/.config/discord/0.0.103/modules/pending/discord_game_utils-1.zip: 24%
8/2/2025, 8:20:18 PM EDT [Modules] Streaming discord_game_utils@1 to /home/bruce/.config/discord/0.0.103/modules/pending/discord_game_utils-1.zip: 26%
8/2/2025, 8:20:18 PM EDT [Modules] Streaming discord_game_utils@1 to /home/bruce/.config/discord/0.0.103/modules/pending/discord_game_utils-1.zip: 28%
8/2/2025, 8:20:18 PM EDT [Modules] Streaming discord_game_utils@1 to /home/bruce/.config/discord/0.0.103/modules/pending/discord_game_utils-1.zip: 30%
8/2/2025, 8:20:18 PM EDT [Modules] Streaming discord_game_utils@1 to /home/bruce/.config/discord/0.0.103/modules/pending/discord_game_utils-1.zip: 31%
8/2/2025, 8:20:18 PM EDT [Modules] Streaming discord_game_utils@1 to /home/bruce/.config/discord/0.0.103/modules/pending/discord_game_utils-1.zip: 32%
8/2/2025, 8:20:18 PM EDT [Modules] Streaming discord_game_utils@1 to /home/bruce/.config/discord/0.0.103/modules/pending/discord_game_utils-1.zip: 33%
8/2/2025, 8:20:18 PM EDT [Modules] Streaming discord_game_utils@1 to /home/bruce/.config/discord/0.0.103/modules/pending/discord_game_utils-1.zip: 34%
8/2/2025, 8:20:18 PM EDT [Modules] Streaming discord_game_utils@1 to /home/bruce/.config/discord/0.0.103/modules/pending/discord_game_utils-1.zip: 35%
8/2/2025, 8:20:18 PM EDT [Modules] Streaming discord_game_utils@1 to /home/bruce/.config/discord/0.0.103/modules/pending/discord_game_utils-1.zip: 36%
8/2/2025, 8:20:18 PM EDT [Modules] Streaming discord_game_utils@1 to /home/bruce/.config/discord/0.0.103/modules/pending/discord_game_utils-1.zip: 37%
8/2/2025, 8:20:18 PM EDT [Modules] Streaming discord_game_utils@1 to /home/bruce/.config/discord/0.0.103/modules/pending/discord_game_utils-1.zip: 39%
8/2/2025, 8:20:18 PM EDT [Modules] Streaming discord_game_utils@1 to /home/bruce/.config/discord/0.0.103/modules/pending/discord_game_utils-1.zip: 41%
8/2/2025, 8:20:18 PM EDT [Modules] Streaming discord_game_utils@1 to /home/bruce/.config/discord/0.0.103/modules/pending/discord_game_utils-1.zip: 43%
8/2/2025, 8:20:18 PM EDT [Modules] Streaming discord_game_utils@1 to /home/bruce/.config/discord/0.0.103/modules/pending/discord_game_utils-1.zip: 49%
8/2/2025, 8:20:18 PM EDT [Modules] Streaming discord_game_utils@1 to /home/bruce/.config/discord/0.0.103/modules/pending/discord_game_utils-1.zip: 50%
8/2/2025, 8:20:18 PM EDT [Modules] Streaming discord_game_utils@1 to /home/bruce/.config/discord/0.0.103/modules/pending/discord_game_utils-1.zip: 52%
8/2/2025, 8:20:18 PM EDT [Modules] Streaming discord_game_utils@1 to /home/bruce/.config/discord/0.0.103/modules/pending/discord_game_utils-1.zip: 54%
8/2/2025, 8:20:18 PM EDT [Modules] Streaming discord_game_utils@1 to /home/bruce/.config/discord/0.0.103/modules/pending/discord_game_utils-1.zip: 55%
8/2/2025, 8:20:18 PM EDT [Modules] Streaming discord_game_utils@1 to /home/bruce/.config/discord/0.0.103/modules/pending/discord_game_utils-1.zip: 61%
8/2/2025, 8:20:18 PM EDT [Modules] Streaming discord_game_utils@1 to /home/bruce/.config/discord/0.0.103/modules/pending/discord_game_utils-1.zip: 63%
8/2/2025, 8:20:18 PM EDT [Modules] Streaming discord_game_utils@1 to /home/bruce/.config/discord/0.0.103/modules/pending/discord_game_utils-1.zip: 64%
8/2/2025, 8:20:18 PM EDT [Modules] Streaming discord_game_utils@1 to /home/bruce/.config/discord/0.0.103/modules/pending/discord_game_utils-1.zip: 65%
8/2/2025, 8:20:18 PM EDT [Modules] Streaming discord_game_utils@1 to /home/bruce/.config/discord/0.0.103/modules/pending/discord_game_utils-1.zip: 66%
8/2/2025, 8:20:18 PM EDT [Modules] Streaming discord_game_utils@1 to /home/bruce/.config/discord/0.0.103/modules/pending/discord_game_utils-1.zip: 67%
8/2/2025, 8:20:18 PM EDT [Modules] Streaming discord_game_utils@1 to /home/bruce/.config/discord/0.0.103/modules/pending/discord_game_utils-1.zip: 68%
8/2/2025, 8:20:18 PM EDT [Modules] Streaming discord_game_utils@1 to /home/bruce/.config/discord/0.0.103/modules/pending/discord_game_utils-1.zip: 70%
8/2/2025, 8:20:18 PM EDT [Modules] Streaming discord_game_utils@1 to /home/bruce/.config/discord/0.0.103/modules/pending/discord_game_utils-1.zip: 72%
8/2/2025, 8:20:18 PM EDT [Modules] Streaming discord_game_utils@1 to /home/bruce/.config/discord/0.0.103/modules/pending/discord_game_utils-1.zip: 73%
8/2/2025, 8:20:18 PM EDT [Modules] Streaming discord_game_utils@1 to /home/bruce/.config/discord/0.0.103/modules/pending/discord_game_utils-1.zip: 76%
8/2/2025, 8:20:18 PM EDT [Modules] Streaming discord_game_utils@1 to /home/bruce/.config/discord/0.0.103/modules/pending/discord_game_utils-1.zip: 78%
8/2/2025, 8:20:18 PM EDT [Modules] Streaming discord_game_utils@1 to /home/bruce/.config/discord/0.0.103/modules/pending/discord_game_utils-1.zip: 81%
8/2/2025, 8:20:18 PM EDT [Modules] Streaming discord_game_utils@1 to /home/bruce/.config/discord/0.0.103/modules/pending/discord_game_utils-1.zip: 82%
8/2/2025, 8:20:18 PM EDT [Modules] Streaming discord_game_utils@1 to /home/bruce/.config/discord/0.0.103/modules/pending/discord_game_utils-1.zip: 86%
8/2/2025, 8:20:18 PM EDT [Modules] Streaming discord_game_utils@1 to /home/bruce/.config/discord/0.0.103/modules/pending/discord_game_utils-1.zip: 87%
8/2/2025, 8:20:18 PM EDT [Modules] Streaming discord_game_utils@1 to /home/bruce/.config/discord/0.0.103/modules/pending/discord_game_utils-1.zip: 90%
8/2/2025, 8:20:18 PM EDT [Modules] Streaming discord_game_utils@1 to /home/bruce/.config/discord/0.0.103/modules/pending/discord_game_utils-1.zip: 93%
8/2/2025, 8:20:18 PM EDT [Modules] Streaming discord_game_utils@1 to /home/bruce/.config/discord/0.0.103/modules/pending/discord_game_utils-1.zip: 95%
8/2/2025, 8:20:18 PM EDT [Modules] Streaming discord_game_utils@1 to /home/bruce/.config/discord/0.0.103/modules/pending/discord_game_utils-1.zip: 100%
8/2/2025, 8:20:18 PM EDT [Modules] Fetching discord_rpc@1 from https://discord.com/api/modules/stable/discord_rpc/1
8/2/2025, 8:20:18 PM EDT [Modules] Streaming discord_rpc@1 to /home/bruce/.config/discord/0.0.103/modules/pending/discord_rpc-1.zip
8/2/2025, 8:20:19 PM EDT [Modules] Streaming discord_rpc@1 to /home/bruce/.config/discord/0.0.103/modules/pending/discord_rpc-1.zip: 23%
8/2/2025, 8:20:19 PM EDT [Modules] Installing discord_game_utils@1 from /home/bruce/.config/discord/0.0.103/modules/pending/discord_game_utils-1.zip
8/2/2025, 8:20:19 PM EDT [Modules] Streaming discord_rpc@1 to /home/bruce/.config/discord/0.0.103/modules/pending/discord_rpc-1.zip: 35%
8/2/2025, 8:20:19 PM EDT [Modules] Streaming discord_rpc@1 to /home/bruce/.config/discord/0.0.103/modules/pending/discord_rpc-1.zip: 100%
8/2/2025, 8:20:19 PM EDT [Modules] Finished module downloads. [success: 3] [failure: 0]
8/2/2025, 8:20:19 PM EDT [Modules] Installing discord_rpc@1 from /home/bruce/.config/discord/0.0.103/modules/pending/discord_rpc-1.zip
8/2/2025, 8:20:19 PM EDT [Modules] Finished module installations. [success: 3] [failure: 0]
8/2/2025, 8:55:52 PM EDT [Modules] Modules initializing
8/2/2025, 8:55:52 PM EDT [Modules] Distribution: remote
8/2/2025, 8:55:52 PM EDT [Modules] Host updates: enabled
8/2/2025, 8:55:52 PM EDT [Modules] Module updates: enabled
8/2/2025, 8:55:52 PM EDT [Modules] Module install path: /home/bruce/.config/discord/0.0.103/modules
8/2/2025, 8:55:52 PM EDT [Modules] Module installed file path: /home/bruce/.config/discord/0.0.103/modules/installed.json
8/2/2025, 8:55:52 PM EDT [Modules] Module download path: /home/bruce/.config/discord/0.0.103/modules/pending
8/2/2025, 8:55:52 PM EDT [Modules] No updates to install
8/2/2025, 8:55:52 PM EDT [Modules] Checking for host updates.
8/2/2025, 8:55:52 PM EDT [Modules] Host is up to date.
8/2/2025, 8:55:52 PM EDT [Modules] Checking for module updates at https://discord.com/api/modules/stable/versions.json
8/2/2025, 8:55:52 PM EDT [Modules] No module updates available.
8/2/2025, 8:57:26 PM EDT [Modules] Checking for host updates.
8/2/2025, 8:57:28 PM EDT [Modules] Host is up to date.
8/2/2025, 8:57:28 PM EDT [Modules] Checking for module updates at https://discord.com/api/modules/stable/versions.json
8/2/2025, 8:57:28 PM EDT [Modules] No module updates available.
8/2/2025, 10:09:04 PM EDT [Modules] Modules initializing
8/2/2025, 10:09:04 PM EDT [Modules] Distribution: remote
8/2/2025, 10:09:04 PM EDT [Modules] Host updates: enabled
8/2/2025, 10:09:04 PM EDT [Modules] Module updates: enabled
8/2/2025, 10:09:04 PM EDT [Modules] Module install path: /home/bruce/.config/discord/0.0.103/modules
8/2/2025, 10:09:04 PM EDT [Modules] Module installed file path: /home/bruce/.config/discord/0.0.103/modules/installed.json
8/2/2025, 10:09:04 PM EDT [Modules] Module download path: /home/bruce/.config/discord/0.0.103/modules/pending
8/2/2025, 10:09:04 PM EDT [Modules] No updates to install
8/2/2025, 10:09:04 PM EDT [Modules] Checking for host updates.
8/2/2025, 10:09:04 PM EDT [Modules] Host is up to date.
8/2/2025, 10:09:04 PM EDT [Modules] Checking for module updates at https://discord.com/api/modules/stable/versions.json
8/2/2025, 10:09:04 PM EDT [Modules] No module updates available.
8/2/2025, 10:09:10 PM EDT [Modules] Checking for host updates.
8/2/2025, 10:09:13 PM EDT [Modules] Host is up to date.
8/2/2025, 10:09:13 PM EDT [Modules] Checking for module updates at https://discord.com/api/modules/stable/versions.json
8/2/2025, 10:09:13 PM EDT [Modules] No module updates available.
8/2/2025, 11:09:11 PM EDT [Modules] Checking for host updates.
8/2/2025, 11:09:12 PM EDT [Modules] Host is up to date.
8/2/2025, 11:09:12 PM EDT [Modules] Checking for module updates at https://discord.com/api/modules/stable/versions.json
8/2/2025, 11:09:12 PM EDT [Modules] No module updates available.
8/2/2025, 11:39:54 PM EDT [Modules] Checking for host updates.
8/2/2025, 11:39:55 PM EDT [Modules] Host is up to date.
8/2/2025, 11:39:55 PM EDT [Modules] Checking for module updates at https://discord.com/api/modules/stable/versions.json
8/2/2025, 11:39:55 PM EDT [Modules] No module updates available.
8/2/2025, 11:58:25 PM EDT [Modules] Modules initializing
8/2/2025, 11:58:25 PM EDT [Modules] Distribution: remote
8/2/2025, 11:58:25 PM EDT [Modules] Host updates: enabled
8/2/2025, 11:58:25 PM EDT [Modules] Module updates: enabled
8/2/2025, 11:58:25 PM EDT [Modules] Module install path: /home/bruce/.config/discord/0.0.103/modules
8/2/2025, 11:58:25 PM EDT [Modules] Module installed file path: /home/bruce/.config/discord/0.0.103/modules/installed.json
8/2/2025, 11:58:25 PM EDT [Modules] Module download path: /home/bruce/.config/discord/0.0.103/modules/pending
8/2/2025, 11:58:26 PM EDT [Modules] No updates to install
8/2/2025, 11:58:26 PM EDT [Modules] Checking for host updates.
8/2/2025, 11:58:26 PM EDT [Modules] Host is up to date.
8/2/2025, 11:58:26 PM EDT [Modules] Checking for module updates at https://discord.com/api/modules/stable/versions.json
8/2/2025, 11:58:26 PM EDT [Modules] No module updates available.
8/2/2025, 11:58:32 PM EDT [Modules] Checking for host updates.
8/2/2025, 11:58:35 PM EDT [Modules] Host is up to date.
8/2/2025, 11:58:35 PM EDT [Modules] Checking for module updates at https://discord.com/api/modules/stable/versions.json
8/2/2025, 11:58:35 PM EDT [Modules] No module updates available.
8/3/2025, 12:31:42 AM EDT [Modules] Modules initializing
8/3/2025, 12:31:42 AM EDT [Modules] Distribution: remote
8/3/2025, 12:31:42 AM EDT [Modules] Host updates: enabled
8/3/2025, 12:31:42 AM EDT [Modules] Module updates: enabled
8/3/2025, 12:31:42 AM EDT [Modules] Module install path: /home/bruce/.config/discord/0.0.103/modules
8/3/2025, 12:31:42 AM EDT [Modules] Module installed file path: /home/bruce/.config/discord/0.0.103/modules/installed.json
8/3/2025, 12:31:42 AM EDT [Modules] Module download path: /home/bruce/.config/discord/0.0.103/modules/pending
8/3/2025, 12:31:42 AM EDT [Modules] No updates to install
8/3/2025, 12:31:42 AM EDT [Modules] Checking for host updates.
8/3/2025, 12:31:42 AM EDT [Modules] Host is up to date.
8/3/2025, 12:31:42 AM EDT [Modules] Checking for module updates at https://discord.com/api/modules/stable/versions.json
8/3/2025, 12:31:42 AM EDT [Modules] No module updates available.
8/3/2025, 12:31:49 AM EDT [Modules] Checking for host updates.
8/3/2025, 12:31:51 AM EDT [Modules] Host is up to date.
8/3/2025, 12:31:51 AM EDT [Modules] Checking for module updates at https://discord.com/api/modules/stable/versions.json
8/3/2025, 12:31:51 AM EDT [Modules] No module updates available.
8/3/2025, 1:53:31 AM EDT [Modules] Modules initializing
8/3/2025, 1:53:31 AM EDT [Modules] Distribution: remote
8/3/2025, 1:53:31 AM EDT [Modules] Host updates: enabled
8/3/2025, 1:53:31 AM EDT [Modules] Module updates: enabled
8/3/2025, 1:53:31 AM EDT [Modules] Module install path: /home/bruce/.config/discord/0.0.103/modules
8/3/2025, 1:53:31 AM EDT [Modules] Module installed file path: /home/bruce/.config/discord/0.0.103/modules/installed.json
8/3/2025, 1:53:31 AM EDT [Modules] Module download path: /home/bruce/.config/discord/0.0.103/modules/pending
8/3/2025, 1:53:31 AM EDT [Modules] No updates to install
8/3/2025, 1:53:31 AM EDT [Modules] Checking for host updates.
8/3/2025, 1:53:31 AM EDT [Modules] Host update failed: Error: getaddrinfo EAI_AGAIN discord.com
8/3/2025, 1:53:41 AM EDT [Modules] Checking for host updates.
8/3/2025, 1:53:41 AM EDT [Modules] Host update failed: Error: getaddrinfo EAI_AGAIN discord.com
8/3/2025, 1:54:01 AM EDT [Modules] Checking for host updates.
8/3/2025, 1:54:02 AM EDT [Modules] Host is up to date.
8/3/2025, 1:54:02 AM EDT [Modules] Checking for module updates at https://discord.com/api/modules/stable/versions.json
8/3/2025, 1:54:02 AM EDT [Modules] No module updates available.
8/3/2025, 1:54:50 AM EDT [Modules] Checking for host updates.
8/3/2025, 1:54:52 AM EDT [Modules] Host is up to date.
8/3/2025, 1:54:52 AM EDT [Modules] Checking for module updates at https://discord.com/api/modules/stable/versions.json
8/3/2025, 1:54:52 AM EDT [Modules] No module updates available.
8/3/2025, 2:07:34 AM EDT [Modules] Checking for host updates.
8/3/2025, 2:07:34 AM EDT [Modules] Host is up to date.
8/3/2025, 2:07:34 AM EDT [Modules] Checking for module updates at https://discord.com/api/modules/stable/versions.json
8/3/2025, 2:07:34 AM EDT [Modules] No module updates available.
8/3/2025, 11:08:43 AM EDT [Modules] Checking for host updates.
8/3/2025, 11:08:43 AM EDT [Modules] Host is up to date.
8/3/2025, 11:08:43 AM EDT [Modules] Checking for module updates at https://discord.com/api/modules/stable/versions.json
8/3/2025, 11:08:43 AM EDT [Modules] No module updates available.
8/3/2025, 11:52:44 AM EDT [Modules] Checking for host updates.
8/3/2025, 11:52:44 AM EDT [Modules] Host is up to date.
8/3/2025, 11:52:44 AM EDT [Modules] Checking for module updates at https://discord.com/api/modules/stable/versions.json
8/3/2025, 11:52:44 AM EDT [Modules] No module updates available.
8/3/2025, 12:01:22 PM EDT [Modules] Checking for host updates.
8/3/2025, 12:01:22 PM EDT [Modules] Host is up to date.
8/3/2025, 12:01:22 PM EDT [Modules] Checking for module updates at https://discord.com/api/modules/stable/versions.json
8/3/2025, 12:01:22 PM EDT [Modules] No module updates available.
8/3/2025, 12:08:42 PM EDT [Modules] Checking for host updates.
8/3/2025, 12:08:42 PM EDT [Modules] Host is up to date.
8/3/2025, 12:08:42 PM EDT [Modules] Checking for module updates at https://discord.com/api/modules/stable/versions.json
8/3/2025, 12:08:42 PM EDT [Modules] No module updates available.
8/3/2025, 12:52:44 PM EDT [Modules] Checking for host updates.
8/3/2025, 12:52:44 PM EDT [Modules] Host is up to date.
8/3/2025, 12:52:44 PM EDT [Modules] Checking for module updates at https://discord.com/api/modules/stable/versions.json
8/3/2025, 12:52:44 PM EDT [Modules] No module updates available.
8/3/2025, 4:09:53 PM EDT [Modules] Modules initializing
8/3/2025, 4:09:53 PM EDT [Modules] Distribution: remote
8/3/2025, 4:09:53 PM EDT [Modules] Host updates: enabled
8/3/2025, 4:09:53 PM EDT [Modules] Module updates: enabled
8/3/2025, 4:09:53 PM EDT [Modules] Module install path: /home/bruce/.config/discord/0.0.103/modules
8/3/2025, 4:09:53 PM EDT [Modules] Module installed file path: /home/bruce/.config/discord/0.0.103/modules/installed.json
8/3/2025, 4:09:53 PM EDT [Modules] Module download path: /home/bruce/.config/discord/0.0.103/modules/pending
8/3/2025, 4:09:53 PM EDT [Modules] No updates to install
8/3/2025, 4:09:53 PM EDT [Modules] Checking for host updates.
8/3/2025, 4:09:54 PM EDT [Modules] Host is up to date.
8/3/2025, 4:09:54 PM EDT [Modules] Checking for module updates at https://discord.com/api/modules/stable/versions.json
8/3/2025, 4:09:54 PM EDT [Modules] No module updates available.
8/3/2025, 4:10:01 PM EDT [Modules] Checking for host updates.
8/3/2025, 4:10:03 PM EDT [Modules] Host is up to date.
8/3/2025, 4:10:03 PM EDT [Modules] Checking for module updates at https://discord.com/api/modules/stable/versions.json
8/3/2025, 4:10:04 PM EDT [Modules] No module updates available.
8/3/2025, 5:10:02 PM EDT [Modules] Checking for host updates.
8/3/2025, 5:10:02 PM EDT [Modules] Host is up to date.
8/3/2025, 5:10:02 PM EDT [Modules] Checking for module updates at https://discord.com/api/modules/stable/versions.json
8/3/2025, 5:10:02 PM EDT [Modules] No module updates available.
8/3/2025, 7:47:56 PM EDT [Modules] Modules initializing
8/3/2025, 7:47:56 PM EDT [Modules] Distribution: remote
8/3/2025, 7:47:56 PM EDT [Modules] Host updates: enabled
8/3/2025, 7:47:56 PM EDT [Modules] Module updates: enabled
8/3/2025, 7:47:56 PM EDT [Modules] Module install path: /home/bruce/.config/discord/0.0.103/modules
8/3/2025, 7:47:56 PM EDT [Modules] Module installed file path: /home/bruce/.config/discord/0.0.103/modules/installed.json
8/3/2025, 7:47:56 PM EDT [Modules] Module download path: /home/bruce/.config/discord/0.0.103/modules/pending
8/3/2025, 7:47:57 PM EDT [Modules] No updates to install
8/3/2025, 7:47:57 PM EDT [Modules] Checking for host updates.
8/3/2025, 7:48:00 PM EDT [Modules] Host is up to date.
8/3/2025, 7:48:00 PM EDT [Modules] Checking for module updates at https://discord.com/api/modules/stable/versions.json
8/3/2025, 7:48:00 PM EDT [Modules] No module updates available.
8/3/2025, 7:48:10 PM EDT [Modules] Checking for host updates.
8/3/2025, 7:48:12 PM EDT [Modules] Host is up to date.
8/3/2025, 7:48:12 PM EDT [Modules] Checking for module updates at https://discord.com/api/modules/stable/versions.json
8/3/2025, 7:48:12 PM EDT [Modules] No module updates available.
8/3/2025, 10:20:09 PM EDT [Modules] Checking for host updates.
8/3/2025, 10:20:09 PM EDT [Modules] Host is up to date.
8/3/2025, 10:20:09 PM EDT [Modules] Checking for module updates at https://discord.com/api/modules/stable/versions.json
8/3/2025, 10:20:09 PM EDT [Modules] No module updates available.
